/Users/mypc/AI_develop/TsukiUsagi/.build/checkouts/SDWebImageSwiftUI/SDWebImageSwiftUI/Classes/Transition/Transition.swift:13:1: error: Trailing Whitespace Violation: Lines should not have trailing whitespace (trailing_whitespace)
/Users/mypc/AI_develop/TsukiUsagi/.build/checkouts/SDWebImageSwiftUI/SDWebImageSwiftUI/Classes/Transition/Transition.swift:20:1: error: Trailing Whitespace Violation: Lines should not have trailing whitespace (trailing_whitespace)
/Users/mypc/AI_develop/TsukiUsagi/.build/checkouts/SDWebImageSwiftUI/SDWebImageSwiftUI/Classes/Transition/Transition.swift:29:1: error: Trailing Whitespace Violation: Lines should not have trailing whitespace (trailing_whitespace)
/Users/mypc/AI_develop/TsukiUsagi/.build/checkouts/SDWebImageSwiftUI/SDWebImageSwiftUI/Classes/Transition/Transition.swift:36:1: error: Trailing Whitespace Violation: Lines should not have trailing whitespace (trailing_whitespace)
/Users/mypc/AI_develop/TsukiUsagi/.build/checkouts/SDWebImageSwiftUI/SDWebImageSwiftUI/Classes/Transition/Transition.swift:45:1: error: Trailing Whitespace Violation: Lines should not have trailing whitespace (trailing_whitespace)
/Users/mypc/AI_develop/TsukiUsagi/.build/checkouts/SDWebImageSwiftUI/SDWebImageSwiftUI/Classes/Transition/Transition.swift:52:1: error: Trailing Whitespace Violation: Lines should not have trailing whitespace (trailing_whitespace)
/Users/mypc/AI_develop/TsukiUsagi/.build/checkouts/SDWebImageSwiftUI/SDWebImageSwiftUI/Classes/Transition/Transition.swift:61:1: error: Trailing Whitespace Violation: Lines should not have trailing whitespace (trailing_whitespace)
/Users/mypc/AI_develop/TsukiUsagi/.build/checkouts/SDWebImageSwiftUI/SDWebImageSwiftUI/Classes/Transition/Transition.swift:68:1: error: Trailing Whitespace Violation: Lines should not have trailing whitespace (trailing_whitespace)
/Users/mypc/AI_develop/TsukiUsagi/.build/checkouts/SDWebImageSwiftUI/SDWebImageSwiftUI/Classes/Transition/Transition.swift:77:1: error: Trailing Whitespace Violation: Lines should not have trailing whitespace (trailing_whitespace)
/Users/mypc/AI_develop/TsukiUsagi/.build/checkouts/SDWebImageSwiftUI/SDWebImageSwiftUI/Classes/Transition/Transition.swift:84:1: error: Trailing Whitespace Violation: Lines should not have trailing whitespace (trailing_whitespace)
/Users/mypc/AI_develop/TsukiUsagi/.build/checkouts/SDWebImageSwiftUI/SDWebImageSwiftUI/Classes/Indicator/Indicator.swift:15:35: error: Colon Spacing Violation: Colons should be next to the identifier when specifying a type and next to the key in dictionary literals (colon)
/Users/mypc/AI_develop/TsukiUsagi/.build/checkouts/SDWebImageSwiftUI/SDWebImageSwiftUI/Classes/Indicator/Indicator.swift:30:29: error: Colon Spacing Violation: Colons should be next to the identifier when specifying a type and next to the key in dictionary literals (colon)
/Users/mypc/AI_develop/TsukiUsagi/.build/checkouts/SDWebImageSwiftUI/SDWebImageSwiftUI/Classes/Indicator/Indicator.swift:41:39: error: Colon Spacing Violation: Colons should be next to the identifier when specifying a type and next to the key in dictionary literals (colon)
/Users/mypc/AI_develop/TsukiUsagi/.build/checkouts/SDWebImageSwiftUI/SDWebImageSwiftUI/Classes/Indicator/Indicator.swift:41:62: error: Colon Spacing Violation: Colons should be next to the identifier when specifying a type and next to the key in dictionary literals (colon)
/Users/mypc/AI_develop/TsukiUsagi/.build/checkouts/SDWebImageSwiftUI/SDWebImageSwiftUI/Classes/Indicator/Indicator.swift:20:1: error: Line Length Violation: Line should be 120 characters or less; currently it has 161 characters (line_length)
/Users/mypc/AI_develop/TsukiUsagi/.build/checkouts/SDWebImageSwiftUI/SDWebImageSwiftUI/Classes/Indicator/Indicator.swift:21:1: error: Line Length Violation: Line should be 120 characters or less; currently it has 153 characters (line_length)
/Users/mypc/AI_develop/TsukiUsagi/.build/checkouts/SDWebImageSwiftUI/SDWebImageSwiftUI/Classes/Indicator/Indicator.swift:17:1: error: Trailing Whitespace Violation: Lines should not have trailing whitespace (trailing_whitespace)
/Users/mypc/AI_develop/TsukiUsagi/.build/checkouts/SDWebImageSwiftUI/SDWebImageSwiftUI/Classes/Indicator/Indicator.swift:42:1: error: Trailing Whitespace Violation: Lines should not have trailing whitespace (trailing_whitespace)
/Users/mypc/AI_develop/TsukiUsagi/.build/checkouts/SDWebImageSwiftUI/SDWebImageSwiftUI/Classes/Indicator/Indicator.swift:45:1: error: Trailing Whitespace Violation: Lines should not have trailing whitespace (trailing_whitespace)
/Users/mypc/AI_develop/TsukiUsagi/.build/checkouts/SDWebImageSwiftUI/SDWebImageSwiftUI/Classes/Indicator/Indicator.swift:48:1: error: Trailing Whitespace Violation: Lines should not have trailing whitespace (trailing_whitespace)
/Users/mypc/AI_develop/TsukiUsagi/.build/checkouts/SDWebImageSwiftUI/SDWebImageSwiftUI/Classes/Indicator/Indicator.swift:71:1: error: Trailing Whitespace Violation: Lines should not have trailing whitespace (trailing_whitespace)
/Users/mypc/AI_develop/TsukiUsagi/.build/checkouts/SDWebImageSwiftUI/SDWebImageSwiftUI/Classes/Indicator/Indicator.swift:89:1: error: Trailing Whitespace Violation: Lines should not have trailing whitespace (trailing_whitespace)
/Users/mypc/AI_develop/TsukiUsagi/.build/checkouts/SDWebImageSwiftUI/SDWebImageSwiftUI/Classes/Indicator/ActivityIndicator.swift:47:1: error: Line Length Violation: Line should be 120 characters or less; currently it has 121 characters (line_length)
/Users/mypc/AI_develop/TsukiUsagi/.build/checkouts/SDWebImageSwiftUI/SDWebImageSwiftUI/Classes/Indicator/ActivityIndicator.swift:17:1: error: Trailing Whitespace Violation: Lines should not have trailing whitespace (trailing_whitespace)
/Users/mypc/AI_develop/TsukiUsagi/.build/checkouts/SDWebImageSwiftUI/SDWebImageSwiftUI/Classes/Indicator/ActivityIndicator.swift:26:1: error: Trailing Whitespace Violation: Lines should not have trailing whitespace (trailing_whitespace)
/Users/mypc/AI_develop/TsukiUsagi/.build/checkouts/SDWebImageSwiftUI/SDWebImageSwiftUI/Classes/Indicator/ActivityIndicator.swift:32:1: error: Trailing Whitespace Violation: Lines should not have trailing whitespace (trailing_whitespace)
/Users/mypc/AI_develop/TsukiUsagi/.build/checkouts/SDWebImageSwiftUI/SDWebImageSwiftUI/Classes/Indicator/ActivityIndicator.swift:46:1: error: Trailing Whitespace Violation: Lines should not have trailing whitespace (trailing_whitespace)
/Users/mypc/AI_develop/TsukiUsagi/.build/checkouts/SDWebImageSwiftUI/SDWebImageSwiftUI/Classes/Indicator/ActivityIndicator.swift:51:1: error: Trailing Whitespace Violation: Lines should not have trailing whitespace (trailing_whitespace)
/Users/mypc/AI_develop/TsukiUsagi/.build/checkouts/SDWebImageSwiftUI/SDWebImageSwiftUI/Classes/Indicator/ActivityIndicator.swift:67:1: error: Trailing Whitespace Violation: Lines should not have trailing whitespace (trailing_whitespace)
/Users/mypc/AI_develop/TsukiUsagi/.build/checkouts/SDWebImageSwiftUI/SDWebImageSwiftUI/Classes/Indicator/ActivityIndicator.swift:71:1: error: Trailing Whitespace Violation: Lines should not have trailing whitespace (trailing_whitespace)
/Users/mypc/AI_develop/TsukiUsagi/.build/checkouts/SDWebImageSwiftUI/SDWebImageSwiftUI/Classes/Indicator/ActivityIndicator.swift:48:21: error: Void Function in Ternary Violation: Using ternary to call Void functions should be avoided (void_function_in_ternary)
/Users/mypc/AI_develop/TsukiUsagi/.build/checkouts/SDWebImageSwiftUI/SDWebImageSwiftUI/Classes/Indicator/ActivityIndicator.swift:69:21: error: Void Function in Ternary Violation: Using ternary to call Void functions should be avoided (void_function_in_ternary)
/Users/mypc/AI_develop/TsukiUsagi/.build/checkouts/SDWebImageSwiftUI/SDWebImageSwiftUI/Classes/ImageManager.swift:16:32: error: Colon Spacing Violation: Colons should be next to the identifier when specifying a type and next to the key in dictionary literals (colon)
/Users/mypc/AI_develop/TsukiUsagi/.build/checkouts/SDWebImageSwiftUI/SDWebImageSwiftUI/Classes/ImageManager.swift:43:99: error: Colon Spacing Violation: Colons should be next to the identifier when specifying a type and next to the key in dictionary literals (colon)
/Users/mypc/AI_develop/TsukiUsagi/.build/checkouts/SDWebImageSwiftUI/SDWebImageSwiftUI/Classes/ImageManager.swift:50:9: error: Control Statement Violation: `if`, `for`, `guard`, `switch`, `while`, and `catch` statements shouldn't unnecessarily wrap their conditionals or arguments in parentheses (control_statement)
/Users/mypc/AI_develop/TsukiUsagi/.build/checkouts/SDWebImageSwiftUI/SDWebImageSwiftUI/Classes/ImageManager.swift:61:13: error: Control Statement Violation: `if`, `for`, `guard`, `switch`, `while`, and `catch` statements shouldn't unnecessarily wrap their conditionals or arguments in parentheses (control_statement)
/Users/mypc/AI_develop/TsukiUsagi/.build/checkouts/SDWebImageSwiftUI/SDWebImageSwiftUI/Classes/ImageManager.swift:92:49: error: Discouraged Direct Initialization Violation: Discouraged direct initialization of types that can be harmful (discouraged_direct_init)
/Users/mypc/AI_develop/TsukiUsagi/.build/checkouts/SDWebImageSwiftUI/SDWebImageSwiftUI/Classes/ImageManager.swift:14:1: error: Line Length Violation: Line should be 120 characters or less; currently it has 166 characters (line_length)
/Users/mypc/AI_develop/TsukiUsagi/.build/checkouts/SDWebImageSwiftUI/SDWebImageSwiftUI/Classes/ImageManager.swift:19:1: error: Line Length Violation: Line should be 120 characters or less; currently it has 127 characters (line_length)
/Users/mypc/AI_develop/TsukiUsagi/.build/checkouts/SDWebImageSwiftUI/SDWebImageSwiftUI/Classes/ImageManager.swift:23:1: error: Line Length Violation: Line should be 120 characters or less; currently it has 147 characters (line_length)
/Users/mypc/AI_develop/TsukiUsagi/.build/checkouts/SDWebImageSwiftUI/SDWebImageSwiftUI/Classes/ImageManager.swift:41:1: error: Line Length Violation: Line should be 120 characters or less; currently it has 124 characters (line_length)
/Users/mypc/AI_develop/TsukiUsagi/.build/checkouts/SDWebImageSwiftUI/SDWebImageSwiftUI/Classes/ImageManager.swift:42:1: error: Line Length Violation: Line should be 120 characters or less; currently it has 200 characters (line_length)
/Users/mypc/AI_develop/TsukiUsagi/.build/checkouts/SDWebImageSwiftUI/SDWebImageSwiftUI/Classes/ImageManager.swift:56:1: error: Line Length Violation: Line should be 120 characters or less; currently it has 150 characters (line_length)
/Users/mypc/AI_develop/TsukiUsagi/.build/checkouts/SDWebImageSwiftUI/SDWebImageSwiftUI/Classes/ImageManager.swift:115:1: error: Line Length Violation: Line should be 120 characters or less; currently it has 131 characters (line_length)
/Users/mypc/AI_develop/TsukiUsagi/.build/checkouts/SDWebImageSwiftUI/SDWebImageSwiftUI/Classes/ImageManager.swift:122:1: error: Line Length Violation: Line should be 200 characters or less; currently it has 209 characters (line_length)
/Users/mypc/AI_develop/TsukiUsagi/.build/checkouts/SDWebImageSwiftUI/SDWebImageSwiftUI/Classes/ImageManager.swift:129:1: error: Line Length Violation: Line should be 120 characters or less; currently it has 172 characters (line_length)
/Users/mypc/AI_develop/TsukiUsagi/.build/checkouts/SDWebImageSwiftUI/SDWebImageSwiftUI/Classes/ImageManager.swift:70:12: error: Multiple Closures with Trailing Closure Violation: Trailing closure syntax should not be used when passing more than one closure argument (multiple_closures_with_trailing_closure)
/Users/mypc/AI_develop/TsukiUsagi/.build/checkouts/SDWebImageSwiftUI/SDWebImageSwiftUI/Classes/ImageManager.swift:30:52: error: Redundant Optional Initialization Violation: Initializing an optional variable with nil is redundant (redundant_optional_initialization)
/Users/mypc/AI_develop/TsukiUsagi/.build/checkouts/SDWebImageSwiftUI/SDWebImageSwiftUI/Classes/ImageManager.swift:29:1: error: Trailing Whitespace Violation: Lines should not have trailing whitespace (trailing_whitespace)
/Users/mypc/AI_develop/TsukiUsagi/.build/checkouts/SDWebImageSwiftUI/SDWebImageSwiftUI/Classes/ImageManager.swift:36:1: error: Trailing Whitespace Violation: Lines should not have trailing whitespace (trailing_whitespace)
/Users/mypc/AI_develop/TsukiUsagi/.build/checkouts/SDWebImageSwiftUI/SDWebImageSwiftUI/Classes/ImageManager.swift:38:1: error: Trailing Whitespace Violation: Lines should not have trailing whitespace (trailing_whitespace)
/Users/mypc/AI_develop/TsukiUsagi/.build/checkouts/SDWebImageSwiftUI/SDWebImageSwiftUI/Classes/ImageManager.swift:97:1: error: Trailing Whitespace Violation: Lines should not have trailing whitespace (trailing_whitespace)
/Users/mypc/AI_develop/TsukiUsagi/.build/checkouts/SDWebImageSwiftUI/SDWebImageSwiftUI/Classes/ImageManager.swift:107:1: error: Trailing Whitespace Violation: Lines should not have trailing whitespace (trailing_whitespace)
/Users/mypc/AI_develop/TsukiUsagi/.build/checkouts/SDWebImageSwiftUI/SDWebImageSwiftUI/Classes/ImageManager.swift:119:1: error: Trailing Whitespace Violation: Lines should not have trailing whitespace (trailing_whitespace)
/Users/mypc/AI_develop/TsukiUsagi/.build/checkouts/SDWebImageSwiftUI/SDWebImageSwiftUI/Classes/ImageManager.swift:126:1: error: Trailing Whitespace Violation: Lines should not have trailing whitespace (trailing_whitespace)
/Users/mypc/AI_develop/TsukiUsagi/.build/checkouts/SDWebImageSwiftUI/SDWebImageSwiftUI/Classes/SwiftUICompatibility.swift:80:1: error: Line Length Violation: Line should be 120 characters or less; currently it has 163 characters (line_length)
/Users/mypc/AI_develop/TsukiUsagi/.build/checkouts/SDWebImageSwiftUI/SDWebImageSwiftUI/Classes/SwiftUICompatibility.swift:18:1: error: Trailing Whitespace Violation: Lines should not have trailing whitespace (trailing_whitespace)
/Users/mypc/AI_develop/TsukiUsagi/.build/checkouts/SDWebImageSwiftUI/SDWebImageSwiftUI/Classes/SwiftUICompatibility.swift:26:1: error: Trailing Whitespace Violation: Lines should not have trailing whitespace (trailing_whitespace)
/Users/mypc/AI_develop/TsukiUsagi/.build/checkouts/SDWebImageSwiftUI/SDWebImageSwiftUI/Classes/SwiftUICompatibility.swift:36:1: error: Trailing Whitespace Violation: Lines should not have trailing whitespace (trailing_whitespace)
/Users/mypc/AI_develop/TsukiUsagi/.build/checkouts/SDWebImageSwiftUI/SDWebImageSwiftUI/Classes/SwiftUICompatibility.swift:45:1: error: Trailing Whitespace Violation: Lines should not have trailing whitespace (trailing_whitespace)
/Users/mypc/AI_develop/TsukiUsagi/.build/checkouts/SDWebImageSwiftUI/SDWebImageSwiftUI/Classes/SwiftUICompatibility.swift:59:1: error: Trailing Whitespace Violation: Lines should not have trailing whitespace (trailing_whitespace)
/Users/mypc/AI_develop/TsukiUsagi/.build/checkouts/SDWebImageSwiftUI/SDWebImageSwiftUI/Classes/Indicator/ProgressIndicator.swift:53:1: error: Line Length Violation: Line should be 120 characters or less; currently it has 122 characters (line_length)
/Users/mypc/AI_develop/TsukiUsagi/.build/checkouts/SDWebImageSwiftUI/SDWebImageSwiftUI/Classes/Indicator/ProgressIndicator.swift:82:1: error: Line Length Violation: Line should be 120 characters or less; currently it has 122 characters (line_length)
/Users/mypc/AI_develop/TsukiUsagi/.build/checkouts/SDWebImageSwiftUI/SDWebImageSwiftUI/Classes/Indicator/ProgressIndicator.swift:18:1: error: Trailing Whitespace Violation: Lines should not have trailing whitespace (trailing_whitespace)
/Users/mypc/AI_develop/TsukiUsagi/.build/checkouts/SDWebImageSwiftUI/SDWebImageSwiftUI/Classes/Indicator/ProgressIndicator.swift:29:1: error: Trailing Whitespace Violation: Lines should not have trailing whitespace (trailing_whitespace)
/Users/mypc/AI_develop/TsukiUsagi/.build/checkouts/SDWebImageSwiftUI/SDWebImageSwiftUI/Classes/Indicator/ProgressIndicator.swift:35:1: error: Trailing Whitespace Violation: Lines should not have trailing whitespace (trailing_whitespace)
/Users/mypc/AI_develop/TsukiUsagi/.build/checkouts/SDWebImageSwiftUI/SDWebImageSwiftUI/Classes/Indicator/ProgressIndicator.swift:52:1: error: Trailing Whitespace Violation: Lines should not have trailing whitespace (trailing_whitespace)
/Users/mypc/AI_develop/TsukiUsagi/.build/checkouts/SDWebImageSwiftUI/SDWebImageSwiftUI/Classes/Indicator/ProgressIndicator.swift:68:1: error: Trailing Whitespace Violation: Lines should not have trailing whitespace (trailing_whitespace)
/Users/mypc/AI_develop/TsukiUsagi/.build/checkouts/SDWebImageSwiftUI/SDWebImageSwiftUI/Classes/Indicator/ProgressIndicator.swift:81:1: error: Trailing Whitespace Violation: Lines should not have trailing whitespace (trailing_whitespace)
/Users/mypc/AI_develop/TsukiUsagi/.build/checkouts/SDWebImageSwiftUI/SDWebImageSwiftUI/Classes/Backports/Backport.swift:56:49: error: Opening Brace Spacing Violation: Opening braces should be preceded by a single space and on the same line as the declaration (opening_brace)
/Users/mypc/AI_develop/TsukiUsagi/.build/checkouts/SDWebImageSwiftUI/SDWebImageSwiftUI/Classes/ImagePlayer.swift:15:31: error: Colon Spacing Violation: Colons should be next to the identifier when specifying a type and next to the key in dictionary literals (colon)
/Users/mypc/AI_develop/TsukiUsagi/.build/checkouts/SDWebImageSwiftUI/SDWebImageSwiftUI/Classes/ImagePlayer.swift:92:17: error: Control Statement Violation: `if`, `for`, `guard`, `switch`, `while`, and `catch` statements shouldn't unnecessarily wrap their conditionals or arguments in parentheses (control_statement)
/Users/mypc/AI_develop/TsukiUsagi/.build/checkouts/SDWebImageSwiftUI/SDWebImageSwiftUI/Classes/ImagePlayer.swift:101:17: error: Control Statement Violation: `if`, `for`, `guard`, `switch`, `while`, and `catch` statements shouldn't unnecessarily wrap their conditionals or arguments in parentheses (control_statement)
/Users/mypc/AI_develop/TsukiUsagi/.build/checkouts/SDWebImageSwiftUI/SDWebImageSwiftUI/Classes/ImagePlayer.swift:70:29: error: Identifier Name Violation: Variable name 'at' should be between 3 and 40 characters long (identifier_name)
/Users/mypc/AI_develop/TsukiUsagi/.build/checkouts/SDWebImageSwiftUI/SDWebImageSwiftUI/Classes/ImagePlayer.swift:13:1: error: Line Length Violation: Line should be 120 characters or less; currently it has 159 characters (line_length)
/Users/mypc/AI_develop/TsukiUsagi/.build/checkouts/SDWebImageSwiftUI/SDWebImageSwiftUI/Classes/ImagePlayer.swift:17:1: error: Trailing Whitespace Violation: Lines should not have trailing whitespace (trailing_whitespace)
/Users/mypc/AI_develop/TsukiUsagi/.build/checkouts/SDWebImageSwiftUI/SDWebImageSwiftUI/Classes/ImagePlayer.swift:20:1: error: Trailing Whitespace Violation: Lines should not have trailing whitespace (trailing_whitespace)
/Users/mypc/AI_develop/TsukiUsagi/.build/checkouts/SDWebImageSwiftUI/SDWebImageSwiftUI/Classes/ImagePlayer.swift:23:1: error: Trailing Whitespace Violation: Lines should not have trailing whitespace (trailing_whitespace)
/Users/mypc/AI_develop/TsukiUsagi/.build/checkouts/SDWebImageSwiftUI/SDWebImageSwiftUI/Classes/ImagePlayer.swift:26:1: error: Trailing Whitespace Violation: Lines should not have trailing whitespace (trailing_whitespace)
/Users/mypc/AI_develop/TsukiUsagi/.build/checkouts/SDWebImageSwiftUI/SDWebImageSwiftUI/Classes/ImagePlayer.swift:29:1: error: Trailing Whitespace Violation: Lines should not have trailing whitespace (trailing_whitespace)
/Users/mypc/AI_develop/TsukiUsagi/.build/checkouts/SDWebImageSwiftUI/SDWebImageSwiftUI/Classes/ImagePlayer.swift:32:1: error: Trailing Whitespace Violation: Lines should not have trailing whitespace (trailing_whitespace)
/Users/mypc/AI_develop/TsukiUsagi/.build/checkouts/SDWebImageSwiftUI/SDWebImageSwiftUI/Classes/ImagePlayer.swift:35:1: error: Trailing Whitespace Violation: Lines should not have trailing whitespace (trailing_whitespace)
/Users/mypc/AI_develop/TsukiUsagi/.build/checkouts/SDWebImageSwiftUI/SDWebImageSwiftUI/Classes/ImagePlayer.swift:38:1: error: Trailing Whitespace Violation: Lines should not have trailing whitespace (trailing_whitespace)
/Users/mypc/AI_develop/TsukiUsagi/.build/checkouts/SDWebImageSwiftUI/SDWebImageSwiftUI/Classes/ImagePlayer.swift:41:1: error: Trailing Whitespace Violation: Lines should not have trailing whitespace (trailing_whitespace)
/Users/mypc/AI_develop/TsukiUsagi/.build/checkouts/SDWebImageSwiftUI/SDWebImageSwiftUI/Classes/ImagePlayer.swift:43:1: error: Trailing Whitespace Violation: Lines should not have trailing whitespace (trailing_whitespace)
/Users/mypc/AI_develop/TsukiUsagi/.build/checkouts/SDWebImageSwiftUI/SDWebImageSwiftUI/Classes/ImagePlayer.swift:48:1: error: Trailing Whitespace Violation: Lines should not have trailing whitespace (trailing_whitespace)
/Users/mypc/AI_develop/TsukiUsagi/.build/checkouts/SDWebImageSwiftUI/SDWebImageSwiftUI/Classes/ImagePlayer.swift:53:1: error: Trailing Whitespace Violation: Lines should not have trailing whitespace (trailing_whitespace)
/Users/mypc/AI_develop/TsukiUsagi/.build/checkouts/SDWebImageSwiftUI/SDWebImageSwiftUI/Classes/ImagePlayer.swift:58:1: error: Trailing Whitespace Violation: Lines should not have trailing whitespace (trailing_whitespace)
/Users/mypc/AI_develop/TsukiUsagi/.build/checkouts/SDWebImageSwiftUI/SDWebImageSwiftUI/Classes/ImagePlayer.swift:63:1: error: Trailing Whitespace Violation: Lines should not have trailing whitespace (trailing_whitespace)
/Users/mypc/AI_develop/TsukiUsagi/.build/checkouts/SDWebImageSwiftUI/SDWebImageSwiftUI/Classes/ImagePlayer.swift:68:1: error: Trailing Whitespace Violation: Lines should not have trailing whitespace (trailing_whitespace)
/Users/mypc/AI_develop/TsukiUsagi/.build/checkouts/SDWebImageSwiftUI/SDWebImageSwiftUI/Classes/ImagePlayer.swift:73:1: error: Trailing Whitespace Violation: Lines should not have trailing whitespace (trailing_whitespace)
/Users/mypc/AI_develop/TsukiUsagi/.build/checkouts/SDWebImageSwiftUI/SDWebImageSwiftUI/Classes/ImagePlayer.swift:78:1: error: Trailing Whitespace Violation: Lines should not have trailing whitespace (trailing_whitespace)
/Users/mypc/AI_develop/TsukiUsagi/.build/checkouts/SDWebImageSwiftUI/SDWebImageSwiftUI/Classes/ImagePlayer.swift:115:1: error: Trailing Whitespace Violation: Lines should not have trailing whitespace (trailing_whitespace)
/Users/mypc/AI_develop/TsukiUsagi/.build/checkouts/SDWebImageSwiftUI/SDWebImageSwiftUI/Classes/Backports/StateObject.swift:49:23: error: Nesting Violation: Types should be nested at most 1 level deep (nesting)
/Users/mypc/AI_develop/TsukiUsagi/.build/checkouts/SDWebImageSwiftUI/SDWebImageSwiftUI/Classes/Backports/StateObject.swift:151:1: error: Trailing Newline Violation: Files should have a single trailing newline (trailing_newline)
/Users/mypc/AI_develop/TsukiUsagi/.build/checkouts/SDWebImageSwiftUI/SDWebImageSwiftUI/Classes/Backports/StateObject.swift:149:1: error: Trailing Whitespace Violation: Lines should not have trailing whitespace (trailing_whitespace)
/Users/mypc/AI_develop/TsukiUsagi/.build/checkouts/SDWebImageSwiftUI/SDWebImageSwiftUI/Classes/WebImage.swift:14:26: error: Colon Spacing Violation: Colons should be next to the identifier when specifying a type and next to the key in dictionary literals (colon)
/Users/mypc/AI_develop/TsukiUsagi/.build/checkouts/SDWebImageSwiftUI/SDWebImageSwiftUI/Classes/WebImage.swift:18:53: error: Colon Spacing Violation: Colons should be next to the identifier when specifying a type and next to the key in dictionary literals (colon)
/Users/mypc/AI_develop/TsukiUsagi/.build/checkouts/SDWebImageSwiftUI/SDWebImageSwiftUI/Classes/WebImage.swift:46:23: error: Colon Spacing Violation: Colons should be next to the identifier when specifying a type and next to the key in dictionary literals (colon)
/Users/mypc/AI_develop/TsukiUsagi/.build/checkouts/SDWebImageSwiftUI/SDWebImageSwiftUI/Classes/WebImage.swift:64:40: error: Colon Spacing Violation: Colons should be next to the identifier when specifying a type and next to the key in dictionary literals (colon)
/Users/mypc/AI_develop/TsukiUsagi/.build/checkouts/SDWebImageSwiftUI/SDWebImageSwiftUI/Classes/WebImage.swift:70:43: error: Colon Spacing Violation: Colons should be next to the identifier when specifying a type and next to the key in dictionary literals (colon)
/Users/mypc/AI_develop/TsukiUsagi/.build/checkouts/SDWebImageSwiftUI/SDWebImageSwiftUI/Classes/WebImage.swift:77:94: error: Colon Spacing Violation: Colons should be next to the identifier when specifying a type and next to the key in dictionary literals (colon)
/Users/mypc/AI_develop/TsukiUsagi/.build/checkouts/SDWebImageSwiftUI/SDWebImageSwiftUI/Classes/WebImage.swift:100:94: error: Colon Spacing Violation: Colons should be next to the identifier when specifying a type and next to the key in dictionary literals (colon)
/Users/mypc/AI_develop/TsukiUsagi/.build/checkouts/SDWebImageSwiftUI/SDWebImageSwiftUI/Classes/WebImage.swift:380:82: error: Colon Spacing Violation: Colons should be next to the identifier when specifying a type and next to the key in dictionary literals (colon)
/Users/mypc/AI_develop/TsukiUsagi/.build/checkouts/SDWebImageSwiftUI/SDWebImageSwiftUI/Classes/WebImage.swift:418:77: error: Colon Spacing Violation: Colons should be next to the identifier when specifying a type and next to the key in dictionary literals (colon)
/Users/mypc/AI_develop/TsukiUsagi/.build/checkouts/SDWebImageSwiftUI/SDWebImageSwiftUI/Classes/WebImage.swift:424:148: error: Colon Spacing Violation: Colons should be next to the identifier when specifying a type and next to the key in dictionary literals (colon)
/Users/mypc/AI_develop/TsukiUsagi/.build/checkouts/SDWebImageSwiftUI/SDWebImageSwiftUI/Classes/WebImage.swift:499:25: error: Colon Spacing Violation: Colons should be next to the identifier when specifying a type and next to the key in dictionary literals (colon)
/Users/mypc/AI_develop/TsukiUsagi/.build/checkouts/SDWebImageSwiftUI/SDWebImageSwiftUI/Classes/WebImage.swift:127:21: error: Control Statement Violation: `if`, `for`, `guard`, `switch`, `while`, and `catch` statements shouldn't unnecessarily wrap their conditionals or arguments in parentheses (control_statement)
/Users/mypc/AI_develop/TsukiUsagi/.build/checkouts/SDWebImageSwiftUI/SDWebImageSwiftUI/Classes/WebImage.swift:509:1: error: File Length Violation: File should contain 400 lines or less: currently contains 509 (file_length)
/Users/mypc/AI_develop/TsukiUsagi/.build/checkouts/SDWebImageSwiftUI/SDWebImageSwiftUI/Classes/WebImage.swift:72:1: error: Line Length Violation: Line should be 120 characters or less; currently it has 128 characters (line_length)
/Users/mypc/AI_develop/TsukiUsagi/.build/checkouts/SDWebImageSwiftUI/SDWebImageSwiftUI/Classes/WebImage.swift:74:1: error: Line Length Violation: Line should be 120 characters or less; currently it has 124 characters (line_length)
/Users/mypc/AI_develop/TsukiUsagi/.build/checkouts/SDWebImageSwiftUI/SDWebImageSwiftUI/Classes/WebImage.swift:75:1: error: Line Length Violation: Line should be 120 characters or less; currently it has 200 characters (line_length)
/Users/mypc/AI_develop/TsukiUsagi/.build/checkouts/SDWebImageSwiftUI/SDWebImageSwiftUI/Classes/WebImage.swift:76:1: error: Line Length Violation: Line should be 200 characters or less; currently it has 311 characters (line_length)
/Users/mypc/AI_develop/TsukiUsagi/.build/checkouts/SDWebImageSwiftUI/SDWebImageSwiftUI/Classes/WebImage.swift:77:1: error: Line Length Violation: Line should be 120 characters or less; currently it has 138 characters (line_length)
/Users/mypc/AI_develop/TsukiUsagi/.build/checkouts/SDWebImageSwiftUI/SDWebImageSwiftUI/Classes/WebImage.swift:80:1: error: Line Length Violation: Line should be 120 characters or less; currently it has 132 characters (line_length)
/Users/mypc/AI_develop/TsukiUsagi/.build/checkouts/SDWebImageSwiftUI/SDWebImageSwiftUI/Classes/WebImage.swift:98:1: error: Line Length Violation: Line should be 120 characters or less; currently it has 124 characters (line_length)
/Users/mypc/AI_develop/TsukiUsagi/.build/checkouts/SDWebImageSwiftUI/SDWebImageSwiftUI/Classes/WebImage.swift:99:1: error: Line Length Violation: Line should be 120 characters or less; currently it has 200 characters (line_length)
/Users/mypc/AI_develop/TsukiUsagi/.build/checkouts/SDWebImageSwiftUI/SDWebImageSwiftUI/Classes/WebImage.swift:107:1: error: Line Length Violation: Line should be 120 characters or less; currently it has 124 characters (line_length)
/Users/mypc/AI_develop/TsukiUsagi/.build/checkouts/SDWebImageSwiftUI/SDWebImageSwiftUI/Classes/WebImage.swift:129:1: error: Line Length Violation: Line should be 120 characters or less; currently it has 125 characters (line_length)
/Users/mypc/AI_develop/TsukiUsagi/.build/checkouts/SDWebImageSwiftUI/SDWebImageSwiftUI/Classes/WebImage.swift:134:1: error: Line Length Violation: Line should be 120 characters or less; currently it has 125 characters (line_length)
/Users/mypc/AI_develop/TsukiUsagi/.build/checkouts/SDWebImageSwiftUI/SDWebImageSwiftUI/Classes/WebImage.swift:138:1: error: Line Length Violation: Line should be 120 characters or less; currently it has 122 characters (line_length)
/Users/mypc/AI_develop/TsukiUsagi/.build/checkouts/SDWebImageSwiftUI/SDWebImageSwiftUI/Classes/WebImage.swift:155:1: error: Line Length Violation: Line should be 120 characters or less; currently it has 139 characters (line_length)
/Users/mypc/AI_develop/TsukiUsagi/.build/checkouts/SDWebImageSwiftUI/SDWebImageSwiftUI/Classes/WebImage.swift:156:1: error: Line Length Violation: Line should be 120 characters or less; currently it has 122 characters (line_length)
/Users/mypc/AI_develop/TsukiUsagi/.build/checkouts/SDWebImageSwiftUI/SDWebImageSwiftUI/Classes/WebImage.swift:285:1: error: Line Length Violation: Line should be 120 characters or less; currently it has 153 characters (line_length)
/Users/mypc/AI_develop/TsukiUsagi/.build/checkouts/SDWebImageSwiftUI/SDWebImageSwiftUI/Classes/WebImage.swift:297:1: error: Line Length Violation: Line should be 120 characters or less; currently it has 164 characters (line_length)
/Users/mypc/AI_develop/TsukiUsagi/.build/checkouts/SDWebImageSwiftUI/SDWebImageSwiftUI/Classes/WebImage.swift:347:1: error: Line Length Violation: Line should be 120 characters or less; currently it has 131 characters (line_length)
/Users/mypc/AI_develop/TsukiUsagi/.build/checkouts/SDWebImageSwiftUI/SDWebImageSwiftUI/Classes/WebImage.swift:356:1: error: Line Length Violation: Line should be 200 characters or less; currently it has 209 characters (line_length)
/Users/mypc/AI_develop/TsukiUsagi/.build/checkouts/SDWebImageSwiftUI/SDWebImageSwiftUI/Classes/WebImage.swift:365:1: error: Line Length Violation: Line should be 120 characters or less; currently it has 172 characters (line_length)
/Users/mypc/AI_develop/TsukiUsagi/.build/checkouts/SDWebImageSwiftUI/SDWebImageSwiftUI/Classes/WebImage.swift:378:1: error: Line Length Violation: Line should be 120 characters or less; currently it has 144 characters (line_length)
/Users/mypc/AI_develop/TsukiUsagi/.build/checkouts/SDWebImageSwiftUI/SDWebImageSwiftUI/Classes/WebImage.swift:387:1: error: Line Length Violation: Line should be 120 characters or less; currently it has 170 characters (line_length)
/Users/mypc/AI_develop/TsukiUsagi/.build/checkouts/SDWebImageSwiftUI/SDWebImageSwiftUI/Classes/WebImage.swift:424:1: error: Line Length Violation: Line should be 120 characters or less; currently it has 156 characters (line_length)
/Users/mypc/AI_develop/TsukiUsagi/.build/checkouts/SDWebImageSwiftUI/SDWebImageSwiftUI/Classes/WebImage.swift:441:1: error: Line Length Violation: Line should be 120 characters or less; currently it has 198 characters (line_length)
/Users/mypc/AI_develop/TsukiUsagi/.build/checkouts/SDWebImageSwiftUI/SDWebImageSwiftUI/Classes/WebImage.swift:444:1: error: Line Length Violation: Line should be 120 characters or less; currently it has 141 characters (line_length)
/Users/mypc/AI_develop/TsukiUsagi/.build/checkouts/SDWebImageSwiftUI/SDWebImageSwiftUI/Classes/WebImage.swift:454:1: error: Line Length Violation: Line should be 120 characters or less; currently it has 191 characters (line_length)
/Users/mypc/AI_develop/TsukiUsagi/.build/checkouts/SDWebImageSwiftUI/SDWebImageSwiftUI/Classes/WebImage.swift:461:1: error: Line Length Violation: Line should be 120 characters or less; currently it has 192 characters (line_length)
/Users/mypc/AI_develop/TsukiUsagi/.build/checkouts/SDWebImageSwiftUI/SDWebImageSwiftUI/Classes/WebImage.swift:462:1: error: Line Length Violation: Line should be 120 characters or less; currently it has 144 characters (line_length)
/Users/mypc/AI_develop/TsukiUsagi/.build/checkouts/SDWebImageSwiftUI/SDWebImageSwiftUI/Classes/WebImage.swift:470:1: error: Line Length Violation: Line should be 120 characters or less; currently it has 164 characters (line_length)
/Users/mypc/AI_develop/TsukiUsagi/.build/checkouts/SDWebImageSwiftUI/SDWebImageSwiftUI/Classes/WebImage.swift:490:1: error: Line Length Violation: Line should be 120 characters or less; currently it has 131 characters (line_length)
/Users/mypc/AI_develop/TsukiUsagi/.build/checkouts/SDWebImageSwiftUI/SDWebImageSwiftUI/Classes/WebImage.swift:502:1: error: Line Length Violation: Line should be 120 characters or less; currently it has 124 characters (line_length)
/Users/mypc/AI_develop/TsukiUsagi/.build/checkouts/SDWebImageSwiftUI/SDWebImageSwiftUI/Classes/WebImage.swift:318:5: error: Opening Brace Spacing Violation: Opening braces should be preceded by a single space and on the same line as the declaration (opening_brace)
/Users/mypc/AI_develop/TsukiUsagi/.build/checkouts/SDWebImageSwiftUI/SDWebImageSwiftUI/Classes/WebImage.swift:18:61: error: Redundant Optional Initialization Violation: Initializing an optional variable with nil is redundant (redundant_optional_initialization)
/Users/mypc/AI_develop/TsukiUsagi/.build/checkouts/SDWebImageSwiftUI/SDWebImageSwiftUI/Classes/WebImage.swift:66:8: error: Todo Violation: FIXMEs should be resolved (Use SwiftUI StateObject and re...) (todo)
/Users/mypc/AI_develop/TsukiUsagi/.build/checkouts/SDWebImageSwiftUI/SDWebImageSwiftUI/Classes/WebImage.swift:69:8: error: Todo Violation: FIXMEs should be resolved (Use SwiftUI StateObject and re...) (todo)
/Users/mypc/AI_develop/TsukiUsagi/.build/checkouts/SDWebImageSwiftUI/SDWebImageSwiftUI/Classes/WebImage.swift:265:56: error: Trailing Semicolon Violation: Lines should not have trailing semicolons (trailing_semicolon)
/Users/mypc/AI_develop/TsukiUsagi/.build/checkouts/SDWebImageSwiftUI/SDWebImageSwiftUI/Classes/WebImage.swift:266:59: error: Trailing Semicolon Violation: Lines should not have trailing semicolons (trailing_semicolon)
/Users/mypc/AI_develop/TsukiUsagi/.build/checkouts/SDWebImageSwiftUI/SDWebImageSwiftUI/Classes/WebImage.swift:267:58: error: Trailing Semicolon Violation: Lines should not have trailing semicolons (trailing_semicolon)
/Users/mypc/AI_develop/TsukiUsagi/.build/checkouts/SDWebImageSwiftUI/SDWebImageSwiftUI/Classes/WebImage.swift:48:1: error: Trailing Whitespace Violation: Lines should not have trailing whitespace (trailing_whitespace)
/Users/mypc/AI_develop/TsukiUsagi/.build/checkouts/SDWebImageSwiftUI/SDWebImageSwiftUI/Classes/WebImage.swift:50:1: error: Trailing Whitespace Violation: Lines should not have trailing whitespace (trailing_whitespace)
/Users/mypc/AI_develop/TsukiUsagi/.build/checkouts/SDWebImageSwiftUI/SDWebImageSwiftUI/Classes/WebImage.swift:54:1: error: Trailing Whitespace Violation: Lines should not have trailing whitespace (trailing_whitespace)
/Users/mypc/AI_develop/TsukiUsagi/.build/checkouts/SDWebImageSwiftUI/SDWebImageSwiftUI/Classes/WebImage.swift:57:1: error: Trailing Whitespace Violation: Lines should not have trailing whitespace (trailing_whitespace)
/Users/mypc/AI_develop/TsukiUsagi/.build/checkouts/SDWebImageSwiftUI/SDWebImageSwiftUI/Classes/WebImage.swift:60:1: error: Trailing Whitespace Violation: Lines should not have trailing whitespace (trailing_whitespace)
/Users/mypc/AI_develop/TsukiUsagi/.build/checkouts/SDWebImageSwiftUI/SDWebImageSwiftUI/Classes/WebImage.swift:63:1: error: Trailing Whitespace Violation: Lines should not have trailing whitespace (trailing_whitespace)
/Users/mypc/AI_develop/TsukiUsagi/.build/checkouts/SDWebImageSwiftUI/SDWebImageSwiftUI/Classes/WebImage.swift:65:1: error: Trailing Whitespace Violation: Lines should not have trailing whitespace (trailing_whitespace)
/Users/mypc/AI_develop/TsukiUsagi/.build/checkouts/SDWebImageSwiftUI/SDWebImageSwiftUI/Classes/WebImage.swift:68:1: error: Trailing Whitespace Violation: Lines should not have trailing whitespace (trailing_whitespace)
/Users/mypc/AI_develop/TsukiUsagi/.build/checkouts/SDWebImageSwiftUI/SDWebImageSwiftUI/Classes/WebImage.swift:71:1: error: Trailing Whitespace Violation: Lines should not have trailing whitespace (trailing_whitespace)
/Users/mypc/AI_develop/TsukiUsagi/.build/checkouts/SDWebImageSwiftUI/SDWebImageSwiftUI/Classes/WebImage.swift:95:1: error: Trailing Whitespace Violation: Lines should not have trailing whitespace (trailing_whitespace)
/Users/mypc/AI_develop/TsukiUsagi/.build/checkouts/SDWebImageSwiftUI/SDWebImageSwiftUI/Classes/WebImage.swift:103:1: error: Trailing Whitespace Violation: Lines should not have trailing whitespace (trailing_whitespace)
/Users/mypc/AI_develop/TsukiUsagi/.build/checkouts/SDWebImageSwiftUI/SDWebImageSwiftUI/Classes/WebImage.swift:146:1: error: Trailing Whitespace Violation: Lines should not have trailing whitespace (trailing_whitespace)
/Users/mypc/AI_develop/TsukiUsagi/.build/checkouts/SDWebImageSwiftUI/SDWebImageSwiftUI/Classes/WebImage.swift:188:1: error: Trailing Whitespace Violation: Lines should not have trailing whitespace (trailing_whitespace)
/Users/mypc/AI_develop/TsukiUsagi/.build/checkouts/SDWebImageSwiftUI/SDWebImageSwiftUI/Classes/WebImage.swift:195:1: error: Trailing Whitespace Violation: Lines should not have trailing whitespace (trailing_whitespace)
/Users/mypc/AI_develop/TsukiUsagi/.build/checkouts/SDWebImageSwiftUI/SDWebImageSwiftUI/Classes/WebImage.swift:212:1: error: Trailing Whitespace Violation: Lines should not have trailing whitespace (trailing_whitespace)
/Users/mypc/AI_develop/TsukiUsagi/.build/checkouts/SDWebImageSwiftUI/SDWebImageSwiftUI/Classes/WebImage.swift:217:1: error: Trailing Whitespace Violation: Lines should not have trailing whitespace (trailing_whitespace)
/Users/mypc/AI_develop/TsukiUsagi/.build/checkouts/SDWebImageSwiftUI/SDWebImageSwiftUI/Classes/WebImage.swift:229:1: error: Trailing Whitespace Violation: Lines should not have trailing whitespace (trailing_whitespace)
/Users/mypc/AI_develop/TsukiUsagi/.build/checkouts/SDWebImageSwiftUI/SDWebImageSwiftUI/Classes/WebImage.swift:239:1: error: Trailing Whitespace Violation: Lines should not have trailing whitespace (trailing_whitespace)
/Users/mypc/AI_develop/TsukiUsagi/.build/checkouts/SDWebImageSwiftUI/SDWebImageSwiftUI/Classes/WebImage.swift:282:1: error: Trailing Whitespace Violation: Lines should not have trailing whitespace (trailing_whitespace)
/Users/mypc/AI_develop/TsukiUsagi/.build/checkouts/SDWebImageSwiftUI/SDWebImageSwiftUI/Classes/WebImage.swift:311:1: error: Trailing Whitespace Violation: Lines should not have trailing whitespace (trailing_whitespace)
/Users/mypc/AI_develop/TsukiUsagi/.build/checkouts/SDWebImageSwiftUI/SDWebImageSwiftUI/Classes/WebImage.swift:321:1: error: Trailing Whitespace Violation: Lines should not have trailing whitespace (trailing_whitespace)
/Users/mypc/AI_develop/TsukiUsagi/.build/checkouts/SDWebImageSwiftUI/SDWebImageSwiftUI/Classes/WebImage.swift:327:1: error: Trailing Whitespace Violation: Lines should not have trailing whitespace (trailing_whitespace)
/Users/mypc/AI_develop/TsukiUsagi/.build/checkouts/SDWebImageSwiftUI/SDWebImageSwiftUI/Classes/WebImage.swift:333:1: error: Trailing Whitespace Violation: Lines should not have trailing whitespace (trailing_whitespace)
/Users/mypc/AI_develop/TsukiUsagi/.build/checkouts/SDWebImageSwiftUI/SDWebImageSwiftUI/Classes/WebImage.swift:344:1: error: Trailing Whitespace Violation: Lines should not have trailing whitespace (trailing_whitespace)
/Users/mypc/AI_develop/TsukiUsagi/.build/checkouts/SDWebImageSwiftUI/SDWebImageSwiftUI/Classes/WebImage.swift:353:1: error: Trailing Whitespace Violation: Lines should not have trailing whitespace (trailing_whitespace)
/Users/mypc/AI_develop/TsukiUsagi/.build/checkouts/SDWebImageSwiftUI/SDWebImageSwiftUI/Classes/WebImage.swift:362:1: error: Trailing Whitespace Violation: Lines should not have trailing whitespace (trailing_whitespace)
/Users/mypc/AI_develop/TsukiUsagi/.build/checkouts/SDWebImageSwiftUI/SDWebImageSwiftUI/Classes/WebImage.swift:376:1: error: Trailing Whitespace Violation: Lines should not have trailing whitespace (trailing_whitespace)
/Users/mypc/AI_develop/TsukiUsagi/.build/checkouts/SDWebImageSwiftUI/SDWebImageSwiftUI/Classes/WebImage.swift:385:1: error: Trailing Whitespace Violation: Lines should not have trailing whitespace (trailing_whitespace)
/Users/mypc/AI_develop/TsukiUsagi/.build/checkouts/SDWebImageSwiftUI/SDWebImageSwiftUI/Classes/WebImage.swift:396:1: error: Trailing Whitespace Violation: Lines should not have trailing whitespace (trailing_whitespace)
/Users/mypc/AI_develop/TsukiUsagi/.build/checkouts/SDWebImageSwiftUI/SDWebImageSwiftUI/Classes/WebImage.swift:403:1: error: Trailing Whitespace Violation: Lines should not have trailing whitespace (trailing_whitespace)
/Users/mypc/AI_develop/TsukiUsagi/.build/checkouts/SDWebImageSwiftUI/SDWebImageSwiftUI/Classes/WebImage.swift:415:1: error: Trailing Whitespace Violation: Lines should not have trailing whitespace (trailing_whitespace)
/Users/mypc/AI_develop/TsukiUsagi/.build/checkouts/SDWebImageSwiftUI/SDWebImageSwiftUI/Classes/WebImage.swift:421:1: error: Trailing Whitespace Violation: Lines should not have trailing whitespace (trailing_whitespace)
/Users/mypc/AI_develop/TsukiUsagi/.build/checkouts/SDWebImageSwiftUI/SDWebImageSwiftUI/Classes/WebImage.swift:432:1: error: Trailing Whitespace Violation: Lines should not have trailing whitespace (trailing_whitespace)
/Users/mypc/AI_develop/TsukiUsagi/.build/checkouts/SDWebImageSwiftUI/SDWebImageSwiftUI/Classes/WebImage.swift:440:1: error: Trailing Whitespace Violation: Lines should not have trailing whitespace (trailing_whitespace)
/Users/mypc/AI_develop/TsukiUsagi/.build/checkouts/SDWebImageSwiftUI/SDWebImageSwiftUI/Classes/WebImage.swift:451:1: error: Trailing Whitespace Violation: Lines should not have trailing whitespace (trailing_whitespace)
/Users/mypc/AI_develop/TsukiUsagi/.build/checkouts/SDWebImageSwiftUI/SDWebImageSwiftUI/Classes/WebImage.swift:460:1: error: Trailing Whitespace Violation: Lines should not have trailing whitespace (trailing_whitespace)
/Users/mypc/AI_develop/TsukiUsagi/.build/checkouts/SDWebImageSwiftUI/SDWebImageSwiftUI/Classes/WebImage.swift:468:1: error: Trailing Whitespace Violation: Lines should not have trailing whitespace (trailing_whitespace)
/Users/mypc/AI_develop/TsukiUsagi/.build/checkouts/SDWebImageSwiftUI/SDWebImageSwiftUI/Classes/WebImage.swift:476:1: error: Trailing Whitespace Violation: Lines should not have trailing whitespace (trailing_whitespace)
/Users/mypc/AI_develop/TsukiUsagi/.build/checkouts/SDWebImageSwiftUI/SDWebImageSwiftUI/Classes/WebImage.swift:488:1: error: Trailing Whitespace Violation: Lines should not have trailing whitespace (trailing_whitespace)
/Users/mypc/AI_develop/TsukiUsagi/.build/checkouts/SDWebImageSwiftUI/Example/SDWebImageSwiftUIDemo-watchOS WatchKit Extension/ExtensionDelegate.swift:26:1: error: Line Length Violation: Line should be 120 characters or less; currently it has 194 characters (line_length)
/Users/mypc/AI_develop/TsukiUsagi/.build/checkouts/SDWebImageSwiftUI/Example/SDWebImageSwiftUIDemo-watchOS WatchKit Extension/ExtensionDelegate.swift:30:1: error: Line Length Violation: Line should be 200 characters or less; currently it has 285 characters (line_length)
/Users/mypc/AI_develop/TsukiUsagi/.build/checkouts/SDWebImageSwiftUI/Example/SDWebImageSwiftUIDemo-watchOS WatchKit Extension/ExtensionDelegate.swift:35:1: error: Line Length Violation: Line should be 120 characters or less; currently it has 160 characters (line_length)
/Users/mypc/AI_develop/TsukiUsagi/.build/checkouts/SDWebImageSwiftUI/Example/SDWebImageSwiftUIDemo-watchOS WatchKit Extension/ExtensionDelegate.swift:44:1: error: Line Length Violation: Line should be 120 characters or less; currently it has 137 characters (line_length)
/Users/mypc/AI_develop/TsukiUsagi/.build/checkouts/SDWebImageSwiftUI/SDWebImageSwiftUI/Classes/ImageViewWrapper.swift:16:38: error: Colon Spacing Violation: Colons should be next to the identifier when specifying a type and next to the key in dictionary literals (colon)
/Users/mypc/AI_develop/TsukiUsagi/.build/checkouts/SDWebImageSwiftUI/SDWebImageSwiftUI/Classes/ImageViewWrapper.swift:71:38: error: Colon Spacing Violation: Colons should be next to the identifier when specifying a type and next to the key in dictionary literals (colon)
/Users/mypc/AI_develop/TsukiUsagi/.build/checkouts/SDWebImageSwiftUI/SDWebImageSwiftUI/Classes/ImageViewWrapper.swift:123:19: error: Identifier Name Violation: Variable name 's' should be between 3 and 40 characters long (identifier_name)
/Users/mypc/AI_develop/TsukiUsagi/.build/checkouts/SDWebImageSwiftUI/SDWebImageSwiftUI/Classes/ImageViewWrapper.swift:49:1: error: Line Length Violation: Line should be 120 characters or less; currently it has 125 characters (line_length)
/Users/mypc/AI_develop/TsukiUsagi/.build/checkouts/SDWebImageSwiftUI/SDWebImageSwiftUI/Classes/ImageViewWrapper.swift:81:1: error: Line Length Violation: Line should be 120 characters or less; currently it has 151 characters (line_length)
/Users/mypc/AI_develop/TsukiUsagi/.build/checkouts/SDWebImageSwiftUI/SDWebImageSwiftUI/Classes/ImageViewWrapper.swift:103:1: error: Line Length Violation: Line should be 120 characters or less; currently it has 131 characters (line_length)
/Users/mypc/AI_develop/TsukiUsagi/.build/checkouts/SDWebImageSwiftUI/SDWebImageSwiftUI/Classes/ImageViewWrapper.swift:104:1: error: Line Length Violation: Line should be 120 characters or less; currently it has 134 characters (line_length)
/Users/mypc/AI_develop/TsukiUsagi/.build/checkouts/SDWebImageSwiftUI/SDWebImageSwiftUI/Classes/ImageViewWrapper.swift:107:1: error: Line Length Violation: Line should be 120 characters or less; currently it has 140 characters (line_length)
/Users/mypc/AI_develop/TsukiUsagi/.build/checkouts/SDWebImageSwiftUI/SDWebImageSwiftUI/Classes/ImageViewWrapper.swift:21:1: error: Trailing Whitespace Violation: Lines should not have trailing whitespace (trailing_whitespace)
/Users/mypc/AI_develop/TsukiUsagi/.build/checkouts/SDWebImageSwiftUI/SDWebImageSwiftUI/Classes/ImageViewWrapper.swift:35:1: error: Trailing Whitespace Violation: Lines should not have trailing whitespace (trailing_whitespace)
/Users/mypc/AI_develop/TsukiUsagi/.build/checkouts/SDWebImageSwiftUI/SDWebImageSwiftUI/Classes/ImageViewWrapper.swift:47:1: error: Trailing Whitespace Violation: Lines should not have trailing whitespace (trailing_whitespace)
/Users/mypc/AI_develop/TsukiUsagi/.build/checkouts/SDWebImageSwiftUI/SDWebImageSwiftUI/Classes/ImageViewWrapper.swift:57:1: error: Trailing Whitespace Violation: Lines should not have trailing whitespace (trailing_whitespace)
/Users/mypc/AI_develop/TsukiUsagi/.build/checkouts/SDWebImageSwiftUI/SDWebImageSwiftUI/Classes/ImageViewWrapper.swift:62:1: error: Trailing Whitespace Violation: Lines should not have trailing whitespace (trailing_whitespace)
/Users/mypc/AI_develop/TsukiUsagi/.build/checkouts/SDWebImageSwiftUI/SDWebImageSwiftUI/Classes/ImageViewWrapper.swift:77:1: error: Trailing Whitespace Violation: Lines should not have trailing whitespace (trailing_whitespace)
/Users/mypc/AI_develop/TsukiUsagi/.build/checkouts/SDWebImageSwiftUI/SDWebImageSwiftUI/Classes/ImageViewWrapper.swift:89:1: error: Trailing Whitespace Violation: Lines should not have trailing whitespace (trailing_whitespace)
/Users/mypc/AI_develop/TsukiUsagi/.build/checkouts/SDWebImageSwiftUI/SDWebImageSwiftUI/Classes/ImageViewWrapper.swift:94:1: error: Trailing Whitespace Violation: Lines should not have trailing whitespace (trailing_whitespace)
/Users/mypc/AI_develop/TsukiUsagi/.build/checkouts/SDWebImageSwiftUI/SDWebImageSwiftUI/Classes/ImageViewWrapper.swift:117:1: error: Trailing Whitespace Violation: Lines should not have trailing whitespace (trailing_whitespace)
/Users/mypc/AI_develop/TsukiUsagi/.build/checkouts/SDWebImageSwiftUI/Example/SDWebImageSwiftUIDemo-tvOS/AppDelegate.swift:22:1: error: Line Length Violation: Line should be 120 characters or less; currently it has 145 characters (line_length)
/Users/mypc/AI_develop/TsukiUsagi/.build/checkouts/SDWebImageSwiftUI/Example/SDWebImageSwiftUIDemo-tvOS/AppDelegate.swift:34:1: error: Line Length Violation: Line should be 120 characters or less; currently it has 149 characters (line_length)
/Users/mypc/AI_develop/TsukiUsagi/.build/checkouts/SDWebImageSwiftUI/Example/SDWebImageSwiftUIDemo-tvOS/AppDelegate.swift:78:1: error: Line Length Violation: Line should be 200 characters or less; currently it has 285 characters (line_length)
/Users/mypc/AI_develop/TsukiUsagi/.build/checkouts/SDWebImageSwiftUI/Example/SDWebImageSwiftUIDemo-tvOS/AppDelegate.swift:79:1: error: Line Length Violation: Line should be 120 characters or less; currently it has 155 characters (line_length)
/Users/mypc/AI_develop/TsukiUsagi/.build/checkouts/SDWebImageSwiftUI/Example/SDWebImageSwiftUIDemo-tvOS/AppDelegate.swift:83:1: error: Line Length Violation: Line should be 200 characters or less; currently it has 218 characters (line_length)
/Users/mypc/AI_develop/TsukiUsagi/.build/checkouts/SDWebImageSwiftUI/Example/SDWebImageSwiftUIDemo-tvOS/AppDelegate.swift:87:1: error: Line Length Violation: Line should be 120 characters or less; currently it has 155 characters (line_length)
/Users/mypc/AI_develop/TsukiUsagi/.build/checkouts/SDWebImageSwiftUI/Example/SDWebImageSwiftUIDemo-tvOS/AppDelegate.swift:91:1: error: Line Length Violation: Line should be 120 characters or less; currently it has 194 characters (line_length)
/Users/mypc/AI_develop/TsukiUsagi/.build/checkouts/SDWebImageSwiftUI/Example/SDWebImageSwiftUIDemo-tvOS/AppDelegate.swift:96:1: error: Trailing Newline Violation: Files should have a single trailing newline (trailing_newline)
/Users/mypc/AI_develop/TsukiUsagi/.build/checkouts/SDWebImageSwiftUI/Example/SDWebImageSwiftUIDemo-tvOS/AppDelegate.swift:33:1: error: Trailing Whitespace Violation: Lines should not have trailing whitespace (trailing_whitespace)
/Users/mypc/AI_develop/TsukiUsagi/.build/checkouts/SDWebImageSwiftUI/Example/SDWebImageSwiftUIDemo-tvOS/AppDelegate.swift:38:1: error: Trailing Whitespace Violation: Lines should not have trailing whitespace (trailing_whitespace)
/Users/mypc/AI_develop/TsukiUsagi/.build/checkouts/SDWebImageSwiftUI/Example/SDWebImageSwiftUIDemo-tvOS/AppDelegate.swift:42:1: error: Trailing Whitespace Violation: Lines should not have trailing whitespace (trailing_whitespace)
/Users/mypc/AI_develop/TsukiUsagi/.build/checkouts/SDWebImageSwiftUI/Example/SDWebImageSwiftUIDemo-tvOS/AppDelegate.swift:56:1: error: Trailing Whitespace Violation: Lines should not have trailing whitespace (trailing_whitespace)
/Users/mypc/AI_develop/TsukiUsagi/.build/checkouts/SDWebImageSwiftUI/Example/SDWebImageSwiftUIDemo-tvOS/AppDelegate.swift:59:1: error: Trailing Whitespace Violation: Lines should not have trailing whitespace (trailing_whitespace)
/Users/mypc/AI_develop/TsukiUsagi/.build/checkouts/SDWebImageSwiftUI/Example/SDWebImageSwiftUIDemo-tvOS/AppDelegate.swift:72:1: error: Trailing Whitespace Violation: Lines should not have trailing whitespace (trailing_whitespace)
/Users/mypc/AI_develop/TsukiUsagi/.build/checkouts/SDWebImageSwiftUI/Example/SDWebImageSwiftUIDemo-tvOS/AppDelegate.swift:48:82: error: Unused Closure Parameter Violation: Unused parameter in a closure should be replaced with _ (unused_closure_parameter)
/Users/mypc/AI_develop/TsukiUsagi/.build/checkouts/SDWebImageSwiftUI/Example/SDWebImageSwiftUIDemo-tvOS/AppDelegate.swift:50:20: error: Unused Optional Binding Violation: Prefer `!= nil` over `let _ =` (unused_optional_binding)
/Users/mypc/AI_develop/TsukiUsagi/.build/checkouts/SDWebImageSwiftUI/Example/SDWebImageSwiftUIDemo-tvOS/AppDelegate.swift:94:1: error: Vertical Whitespace Violation: Limit vertical whitespace to a single empty line; currently 2 (vertical_whitespace)
/Users/mypc/AI_develop/TsukiUsagi/.build/checkouts/SDWebImageSwiftUI/Example/SDWebImageSwiftUIDemo-macOS/AppDelegate.swift:56:1: error: Trailing Newline Violation: Files should have a single trailing newline (trailing_newline)
/Users/mypc/AI_develop/TsukiUsagi/.build/checkouts/SDWebImageSwiftUI/Example/SDWebImageSwiftUIDemo-macOS/AppDelegate.swift:40:82: error: Unused Closure Parameter Violation: Unused parameter in a closure should be replaced with _ (unused_closure_parameter)
/Users/mypc/AI_develop/TsukiUsagi/.build/checkouts/SDWebImageSwiftUI/Example/SDWebImageSwiftUIDemo-macOS/AppDelegate.swift:42:20: error: Unused Optional Binding Violation: Prefer `!= nil` over `let _ =` (unused_optional_binding)
/Users/mypc/AI_develop/TsukiUsagi/.build/checkouts/SDWebImageSwiftUI/Example/SDWebImageSwiftUIDemo-macOS/AppDelegate.swift:21:1: error: Vertical Whitespace Violation: Limit vertical whitespace to a single empty line; currently 2 (vertical_whitespace)
/Users/mypc/AI_develop/TsukiUsagi/.build/checkouts/SDWebImageSwiftUI/Example/SDWebImageSwiftUIDemo-macOS/AppDelegate.swift:54:1: error: Vertical Whitespace Violation: Limit vertical whitespace to a single empty line; currently 2 (vertical_whitespace)
/Users/mypc/AI_develop/TsukiUsagi/.build/checkouts/SDWebImageSwiftUI/Example/SDWebImageSwiftUIDemo/AppDelegate.swift:20:1: error: Line Length Violation: Line should be 120 characters or less; currently it has 145 characters (line_length)
/Users/mypc/AI_develop/TsukiUsagi/.build/checkouts/SDWebImageSwiftUI/Example/SDWebImageSwiftUIDemo/AppDelegate.swift:40:1: error: Line Length Violation: Line should be 120 characters or less; currently it has 179 characters (line_length)
/Users/mypc/AI_develop/TsukiUsagi/.build/checkouts/SDWebImageSwiftUI/Example/SDWebImageSwiftUIDemo/AppDelegate.swift:48:1: error: Line Length Violation: Line should be 120 characters or less; currently it has 157 characters (line_length)
/Users/mypc/AI_develop/TsukiUsagi/.build/checkouts/SDWebImageSwiftUI/Example/SDWebImageSwiftUIDemo/AppDelegate.swift:54:1: error: Trailing Newline Violation: Files should have a single trailing newline (trailing_newline)
/Users/mypc/AI_develop/TsukiUsagi/.build/checkouts/SDWebImageSwiftUI/Example/SDWebImageSwiftUIDemo/AppDelegate.swift:27:82: error: Unused Closure Parameter Violation: Unused parameter in a closure should be replaced with _ (unused_closure_parameter)
/Users/mypc/AI_develop/TsukiUsagi/.build/checkouts/SDWebImageSwiftUI/Example/SDWebImageSwiftUIDemo/AppDelegate.swift:29:20: error: Unused Optional Binding Violation: Prefer `!= nil` over `let _ =` (unused_optional_binding)
/Users/mypc/AI_develop/TsukiUsagi/.build/checkouts/SDWebImageSwiftUI/Example/SDWebImageSwiftUIDemo/AppDelegate.swift:19:1: error: Vertical Whitespace Violation: Limit vertical whitespace to a single empty line; currently 3 (vertical_whitespace)
/Users/mypc/AI_develop/TsukiUsagi/.build/checkouts/SDWebImageSwiftUI/Example/SDWebImageSwiftUIDemo/AppDelegate.swift:52:1: error: Vertical Whitespace Violation: Limit vertical whitespace to a single empty line; currently 2 (vertical_whitespace)
/Users/mypc/AI_develop/TsukiUsagi/.build/checkouts/SDWebImageSwiftUI/Example/SDWebImageSwiftUIDemo/SceneDelegate.swift:17:1: error: Line Length Violation: Line should be 120 characters or less; currently it has 127 characters (line_length)
/Users/mypc/AI_develop/TsukiUsagi/.build/checkouts/SDWebImageSwiftUI/Example/SDWebImageSwiftUIDemo/SceneDelegate.swift:18:1: error: Line Length Violation: Line should be 120 characters or less; currently it has 122 characters (line_length)
/Users/mypc/AI_develop/TsukiUsagi/.build/checkouts/SDWebImageSwiftUI/Example/SDWebImageSwiftUIDemo/SceneDelegate.swift:20:1: error: Line Length Violation: Line should be 120 characters or less; currently it has 147 characters (line_length)
/Users/mypc/AI_develop/TsukiUsagi/.build/checkouts/SDWebImageSwiftUI/Example/SDWebImageSwiftUIDemo/SceneDelegate.swift:35:1: error: Line Length Violation: Line should be 120 characters or less; currently it has 141 characters (line_length)
/Users/mypc/AI_develop/TsukiUsagi/.build/checkouts/SDWebImageSwiftUI/Example/SDWebImageSwiftUIDemo/SceneDelegate.swift:61:1: error: Trailing Newline Violation: Files should have a single trailing newline (trailing_newline)
/Users/mypc/AI_develop/TsukiUsagi/.build/checkouts/SDWebImageSwiftUI/Example/SDWebImageSwiftUIDemo/SceneDelegate.swift:16:1: error: Vertical Whitespace Violation: Limit vertical whitespace to a single empty line; currently 2 (vertical_whitespace)
/Users/mypc/AI_develop/TsukiUsagi/.build/checkouts/SDWebImageSwiftUI/Example/SDWebImageSwiftUIDemo/SceneDelegate.swift:59:1: error: Vertical Whitespace Violation: Limit vertical whitespace to a single empty line; currently 2 (vertical_whitespace)
/Users/mypc/AI_develop/TsukiUsagi/.build/checkouts/SDWebImageSwiftUI/Example/SDWebImageSwiftUIDemo/DetailView.swift:98:46: error: Colon Spacing Violation: Colons should be next to the identifier when specifying a type and next to the key in dictionary literals (colon)
/Users/mypc/AI_develop/TsukiUsagi/.build/checkouts/SDWebImageSwiftUI/Example/SDWebImageSwiftUIDemo/DetailView.swift:104:41: error: Colon Spacing Violation: Colons should be next to the identifier when specifying a type and next to the key in dictionary literals (colon)
/Users/mypc/AI_develop/TsukiUsagi/.build/checkouts/SDWebImageSwiftUI/Example/SDWebImageSwiftUIDemo/DetailView.swift:111:41: error: Colon Spacing Violation: Colons should be next to the identifier when specifying a type and next to the key in dictionary literals (colon)
/Users/mypc/AI_develop/TsukiUsagi/.build/checkouts/SDWebImageSwiftUI/Example/SDWebImageSwiftUIDemo/DetailView.swift:90:1: error: Line Length Violation: Line should be 120 characters or less; currently it has 124 characters (line_length)
/Users/mypc/AI_develop/TsukiUsagi/.build/checkouts/SDWebImageSwiftUI/Example/SDWebImageSwiftUIDemo/DetailView.swift:98:1: error: Line Length Violation: Line should be 120 characters or less; currently it has 126 characters (line_length)
/Users/mypc/AI_develop/TsukiUsagi/.build/checkouts/SDWebImageSwiftUI/Example/SDWebImageSwiftUIDemo/DetailView.swift:104:1: error: Line Length Violation: Line should be 120 characters or less; currently it has 121 characters (line_length)
/Users/mypc/AI_develop/TsukiUsagi/.build/checkouts/SDWebImageSwiftUI/Example/SDWebImageSwiftUIDemo/DetailView.swift:111:1: error: Line Length Violation: Line should be 120 characters or less; currently it has 121 characters (line_length)
/Users/mypc/AI_develop/TsukiUsagi/.build/checkouts/SDWebImageSwiftUI/Example/SDWebImageSwiftUIDemo/DetailView.swift:44:1: error: Trailing Whitespace Violation: Lines should not have trailing whitespace (trailing_whitespace)
/Users/mypc/AI_develop/TsukiUsagi/.build/checkouts/SDWebImageSwiftUI/Example/SDWebImageSwiftUIDemo/DetailView.swift:63:1: error: Trailing Whitespace Violation: Lines should not have trailing whitespace (trailing_whitespace)
/Users/mypc/AI_develop/TsukiUsagi/.build/checkouts/SDWebImageSwiftUI/Example/SDWebImageSwiftUIDemo/DetailView.swift:93:1: error: Trailing Whitespace Violation: Lines should not have trailing whitespace (trailing_whitespace)
/Users/mypc/AI_develop/TsukiUsagi/.build/checkouts/SDWebImageSwiftUI/Example/SDWebImageSwiftUIDemo/DetailView.swift:73:25: error: Unused Closure Parameter Violation: Unused parameter in a closure should be replaced with _ (unused_closure_parameter)
/Users/mypc/AI_develop/TsukiUsagi/.build/checkouts/SDWebImageSwiftUI/Tests/ImageManagerTests.swift:17:1: error: Trailing Whitespace Violation: Lines should not have trailing whitespace (trailing_whitespace)
/Users/mypc/AI_develop/TsukiUsagi/.build/checkouts/SDWebImageSwiftUI/Tests/ImageManagerTests.swift:30:1: error: Trailing Whitespace Violation: Lines should not have trailing whitespace (trailing_whitespace)
/Users/mypc/AI_develop/TsukiUsagi/.build/checkouts/SDWebImageSwiftUI/Tests/ImageManagerTests.swift:8:5: error: Unneeded Overridden Functions Violation: Remove overridden functions that don't do anything except call their super (unneeded_override)
/Users/mypc/AI_develop/TsukiUsagi/.build/checkouts/SDWebImageSwiftUI/Tests/ImageManagerTests.swift:13:5: error: Unneeded Overridden Functions Violation: Remove overridden functions that don't do anything except call their super (unneeded_override)
/Users/mypc/AI_develop/TsukiUsagi/.build/checkouts/SDWebImageSwiftUI/Tests/ImageManagerTests.swift:22:44: error: Unused Closure Parameter Violation: Unused parameter in a closure should be replaced with _ (unused_closure_parameter)
/Users/mypc/AI_develop/TsukiUsagi/.build/checkouts/SDWebImageSwiftUI/Tests/ImageManagerTests.swift:22:55: error: Unused Closure Parameter Violation: Unused parameter in a closure should be replaced with _ (unused_closure_parameter)
/Users/mypc/AI_develop/TsukiUsagi/.build/checkouts/SDWebImageSwiftUI/Tests/ImageManagerTests.swift:26:37: error: Unused Closure Parameter Violation: Unused parameter in a closure should be replaced with _ (unused_closure_parameter)
/Users/mypc/AI_develop/TsukiUsagi/.build/checkouts/SDWebImageSwiftUI/Tests/ImageManagerTests.swift:29:38: error: Unused Closure Parameter Violation: Unused parameter in a closure should be replaced with _ (unused_closure_parameter)
/Users/mypc/AI_develop/TsukiUsagi/.build/checkouts/SDWebImageSwiftUI/Tests/ImageManagerTests.swift:29:52: error: Unused Closure Parameter Violation: Unused parameter in a closure should be replaced with _ (unused_closure_parameter)
/Users/mypc/AI_develop/TsukiUsagi/.build/checkouts/SDWebImageSwiftUI/Tests/ImageManagerTests.swift:27:13: error: XCTFail Message Violation: An XCTFail call should include a description of the assertion (xctfail_message)
/Users/mypc/AI_develop/TsukiUsagi/.build/checkouts/SDWebImageSwiftUI/Package.swift:24:1: error: Line Length Violation: Line should be 120 characters or less; currently it has 122 characters (line_length)
/Users/mypc/AI_develop/TsukiUsagi/.build/checkouts/SDWebImageSwiftUI/Package.swift:15:44: error: Trailing Comma Violation: Collection literals should not have trailing commas (trailing_comma)
/Users/mypc/AI_develop/TsukiUsagi/.build/checkouts/SDWebImageSwiftUI/Package.swift:29:10: error: Trailing Comma Violation: Collection literals should not have trailing commas (trailing_comma)
/Users/mypc/AI_develop/TsukiUsagi/.build/checkouts/SDWebImageSwiftUI/Tests/TestUtils.swift:7:1: error: Trailing Whitespace Violation: Lines should not have trailing whitespace (trailing_whitespace)
/Users/mypc/AI_develop/TsukiUsagi/.build/checkouts/SDWebImageSwiftUI/Tests/TestUtils.swift:19:1: error: Trailing Whitespace Violation: Lines should not have trailing whitespace (trailing_whitespace)
/Users/mypc/AI_develop/TsukiUsagi/.build/checkouts/SDWebImageSwiftUI/Tests/IndicatorTests.swift:6:28: error: Colon Spacing Violation: Colons should be next to the identifier when specifying a type and next to the key in dictionary literals (colon)
/Users/mypc/AI_develop/TsukiUsagi/.build/checkouts/SDWebImageSwiftUI/Tests/IndicatorTests.swift:7:28: error: Colon Spacing Violation: Colons should be next to the identifier when specifying a type and next to the key in dictionary literals (colon)
/Users/mypc/AI_develop/TsukiUsagi/.build/checkouts/SDWebImageSwiftUI/Tests/IndicatorTests.swift:18:1: error: Trailing Whitespace Violation: Lines should not have trailing whitespace (trailing_whitespace)
/Users/mypc/AI_develop/TsukiUsagi/.build/checkouts/SDWebImageSwiftUI/Tests/IndicatorTests.swift:23:1: error: Trailing Whitespace Violation: Lines should not have trailing whitespace (trailing_whitespace)
/Users/mypc/AI_develop/TsukiUsagi/.build/checkouts/SDWebImageSwiftUI/Tests/IndicatorTests.swift:29:1: error: Trailing Whitespace Violation: Lines should not have trailing whitespace (trailing_whitespace)
/Users/mypc/AI_develop/TsukiUsagi/.build/checkouts/SDWebImageSwiftUI/Tests/IndicatorTests.swift:54:1: error: Trailing Whitespace Violation: Lines should not have trailing whitespace (trailing_whitespace)
/Users/mypc/AI_develop/TsukiUsagi/.build/checkouts/SDWebImageSwiftUI/Tests/IndicatorTests.swift:83:1: error: Trailing Whitespace Violation: Lines should not have trailing whitespace (trailing_whitespace)
/Users/mypc/AI_develop/TsukiUsagi/.build/checkouts/SDWebImageSwiftUI/Tests/IndicatorTests.swift:19:5: error: Unneeded Overridden Functions Violation: Remove overridden functions that don't do anything except call their super (unneeded_override)
/Users/mypc/AI_develop/TsukiUsagi/.build/checkouts/SDWebImage/Examples/Packages/RealityKitContent/Package.swift:12:44: error: Trailing Comma Violation: Collection literals should not have trailing commas (trailing_comma)
/Users/mypc/AI_develop/TsukiUsagi/.build/checkouts/SDWebImage/Examples/Packages/RealityKitContent/Package.swift:23:30: error: Trailing Comma Violation: Collection literals should not have trailing commas (trailing_comma)
/Users/mypc/AI_develop/TsukiUsagi/.build/checkouts/SDWebImage/Examples/Packages/RealityKitContent/Package.swift:25:1: error: Trailing Newline Violation: Files should have a single trailing newline (trailing_newline)
/Users/mypc/AI_develop/TsukiUsagi/.build/checkouts/SDWebImageSwiftUI/Example/SDWebImageSwiftUIDemo/ContentView.swift:46:26: error: Colon Spacing Violation: Colons should be next to the identifier when specifying a type and next to the key in dictionary literals (colon)
/Users/mypc/AI_develop/TsukiUsagi/.build/checkouts/SDWebImageSwiftUI/Example/SDWebImageSwiftUIDemo/ContentView.swift:52:25: error: Colon Spacing Violation: Colons should be next to the identifier when specifying a type and next to the key in dictionary literals (colon)
/Users/mypc/AI_develop/TsukiUsagi/.build/checkouts/SDWebImageSwiftUI/Example/SDWebImageSwiftUIDemo/ContentView.swift:57:34: error: Colon Spacing Violation: Colons should be next to the identifier when specifying a type and next to the key in dictionary literals (colon)
/Users/mypc/AI_develop/TsukiUsagi/.build/checkouts/SDWebImageSwiftUI/Example/SDWebImageSwiftUIDemo/ContentView.swift:61:29: error: Colon Spacing Violation: Colons should be next to the identifier when specifying a type and next to the key in dictionary literals (colon)
/Users/mypc/AI_develop/TsukiUsagi/.build/checkouts/SDWebImageSwiftUI/Example/SDWebImageSwiftUIDemo/ContentView.swift:116:54: error: Colon Spacing Violation: Colons should be next to the identifier when specifying a type and next to the key in dictionary literals (colon)
/Users/mypc/AI_develop/TsukiUsagi/.build/checkouts/SDWebImageSwiftUI/Example/SDWebImageSwiftUIDemo/ContentView.swift:131:49: error: Colon Spacing Violation: Colons should be next to the identifier when specifying a type and next to the key in dictionary literals (colon)
/Users/mypc/AI_develop/TsukiUsagi/.build/checkouts/SDWebImageSwiftUI/Example/SDWebImageSwiftUIDemo/ContentView.swift:139:49: error: Colon Spacing Violation: Colons should be next to the identifier when specifying a type and next to the key in dictionary literals (colon)
/Users/mypc/AI_develop/TsukiUsagi/.build/checkouts/SDWebImageSwiftUI/Example/SDWebImageSwiftUIDemo/ContentView.swift:49:1: error: Line Length Violation: Line should be 120 characters or less; currently it has 121 characters (line_length)
/Users/mypc/AI_develop/TsukiUsagi/.build/checkouts/SDWebImageSwiftUI/Example/SDWebImageSwiftUIDemo/ContentView.swift:165:56: error: Multiple Closures with Trailing Closure Violation: Trailing closure syntax should not be used when passing more than one closure argument (multiple_closures_with_trailing_closure)
/Users/mypc/AI_develop/TsukiUsagi/.build/checkouts/SDWebImageSwiftUI/Example/SDWebImageSwiftUIDemo/ContentView.swift:168:55: error: Multiple Closures with Trailing Closure Violation: Trailing closure syntax should not be used when passing more than one closure argument (multiple_closures_with_trailing_closure)
/Users/mypc/AI_develop/TsukiUsagi/.build/checkouts/SDWebImageSwiftUI/Example/SDWebImageSwiftUIDemo/ContentView.swift:180:56: error: Multiple Closures with Trailing Closure Violation: Trailing closure syntax should not be used when passing more than one closure argument (multiple_closures_with_trailing_closure)
/Users/mypc/AI_develop/TsukiUsagi/.build/checkouts/SDWebImageSwiftUI/Example/SDWebImageSwiftUIDemo/ContentView.swift:183:55: error: Multiple Closures with Trailing Closure Violation: Trailing closure syntax should not be used when passing more than one closure argument (multiple_closures_with_trailing_closure)
/Users/mypc/AI_develop/TsukiUsagi/.build/checkouts/SDWebImageSwiftUI/Example/SDWebImageSwiftUIDemo/ContentView.swift:195:56: error: Multiple Closures with Trailing Closure Violation: Trailing closure syntax should not be used when passing more than one closure argument (multiple_closures_with_trailing_closure)
/Users/mypc/AI_develop/TsukiUsagi/.build/checkouts/SDWebImageSwiftUI/Example/SDWebImageSwiftUIDemo/ContentView.swift:198:55: error: Multiple Closures with Trailing Closure Violation: Trailing closure syntax should not be used when passing more than one closure argument (multiple_closures_with_trailing_closure)
/Users/mypc/AI_develop/TsukiUsagi/.build/checkouts/SDWebImageSwiftUI/Example/SDWebImageSwiftUIDemo/ContentView.swift:207:56: error: Multiple Closures with Trailing Closure Violation: Trailing closure syntax should not be used when passing more than one closure argument (multiple_closures_with_trailing_closure)
/Users/mypc/AI_develop/TsukiUsagi/.build/checkouts/SDWebImageSwiftUI/Example/SDWebImageSwiftUIDemo/ContentView.swift:210:55: error: Multiple Closures with Trailing Closure Violation: Trailing closure syntax should not be used when passing more than one closure argument (multiple_closures_with_trailing_closure)
/Users/mypc/AI_develop/TsukiUsagi/.build/checkouts/SDWebImageSwiftUI/Example/SDWebImageSwiftUIDemo/ContentView.swift:28:1: error: Trailing Whitespace Violation: Lines should not have trailing whitespace (trailing_whitespace)
/Users/mypc/AI_develop/TsukiUsagi/.build/checkouts/SDWebImageSwiftUI/Example/SDWebImageSwiftUIDemo/ContentView.swift:106:1: error: Trailing Whitespace Violation: Lines should not have trailing whitespace (trailing_whitespace)
/Users/mypc/AI_develop/TsukiUsagi/.build/checkouts/SDWebImageSwiftUI/Example/SDWebImageSwiftUIDemo/ContentView.swift:158:1: error: Trailing Whitespace Violation: Lines should not have trailing whitespace (trailing_whitespace)
/Users/mypc/AI_develop/TsukiUsagi/.build/checkouts/SDWebImageSwiftUI/Example/SDWebImageSwiftUIDemo/ContentView.swift:216:1: error: Trailing Whitespace Violation: Lines should not have trailing whitespace (trailing_whitespace)
/Users/mypc/AI_develop/TsukiUsagi/.build/checkouts/SDWebImageSwiftUI/Example/SDWebImageSwiftUIDemo/ContentView.swift:230:1: error: Trailing Whitespace Violation: Lines should not have trailing whitespace (trailing_whitespace)
/Users/mypc/AI_develop/TsukiUsagi/.build/checkouts/SDWebImageSwiftUI/Example/SDWebImageSwiftUIDemo/ContentView.swift:235:1: error: Trailing Whitespace Violation: Lines should not have trailing whitespace (trailing_whitespace)
/Users/mypc/AI_develop/TsukiUsagi/.build/checkouts/SDWebImageSwiftUI/Example/SDWebImageSwiftUIDemo/ContentView.swift:24:21: error: Unused Closure Parameter Violation: Unused parameter in a closure should be replaced with _ (unused_closure_parameter)
/Users/mypc/AI_develop/TsukiUsagi/.build/checkouts/SDWebImageSwiftUI/Example/SDWebImageSwiftUIDemo/ContentView.swift:24:34: error: Unused Closure Parameter Violation: Unused parameter in a closure should be replaced with _ (unused_closure_parameter)
/Users/mypc/AI_develop/TsukiUsagi/.build/checkouts/SDWebImageSwiftUI/Example/SDWebImageSwiftUIDemo/ContentView.swift:30:21: error: Unused Closure Parameter Violation: Unused parameter in a closure should be replaced with _ (unused_closure_parameter)
/Users/mypc/AI_develop/TsukiUsagi/.build/checkouts/SDWebImageSwiftUI/Example/SDWebImageSwiftUIDemo/ContentView.swift:117:47: error: Unused Closure Parameter Violation: Unused parameter in a closure should be replaced with _ (unused_closure_parameter)
/Users/mypc/AI_develop/TsukiUsagi/.build/checkouts/SDWebImageSwiftUI/Example/SDWebImageSwiftUIDemo/ContentView.swift:158:1: error: Vertical Whitespace Violation: Limit vertical whitespace to a single empty line; currently 2 (vertical_whitespace)
/Users/mypc/AI_develop/TsukiUsagi/.build/checkouts/SDWebImage/Package.swift:29:1: error: Line Length Violation: Line should be 120 characters or less; currently it has 122 characters (line_length)
/Users/mypc/AI_develop/TsukiUsagi/.build/checkouts/SDWebImage/Examples/SDWebImage Vision Demo/App.swift:13:128: error: Colon Spacing Violation: Colons should be next to the identifier when specifying a type and next to the key in dictionary literals (colon)
/Users/mypc/AI_develop/TsukiUsagi/.build/checkouts/SDWebImage/Examples/SDWebImage Vision Demo/App.swift:13:1: error: Line Length Violation: Line should be 120 characters or less; currently it has 152 characters (line_length)
/Users/mypc/AI_develop/TsukiUsagi/.build/checkouts/SDWebImage/Examples/SDWebImage Vision Demo/App.swift:24:1: error: Trailing Whitespace Violation: Lines should not have trailing whitespace (trailing_whitespace)
/Users/mypc/AI_develop/TsukiUsagi/.build/checkouts/SDWebImage/Examples/SDWebImage Vision Demo/App.swift:22:8: error: Type Name Violation: Type name 'SDWebImage_Vision_DemoApp' should only contain alphanumeric and other allowed characters (type_name)
/Users/mypc/AI_develop/TsukiUsagi/TsukiUsagiUITests/TsukiUsagiUITestsLaunchTests.swift:11:5: error: Static Over Final Class Violation: Prefer `static` over `class` in a final class (static_over_final_class)
/Users/mypc/AI_develop/TsukiUsagi/.build/checkouts/SDWebImage/Examples/SDWebImage Vision Demo/DetailView.swift:28:46: error: Colon Spacing Violation: Colons should be next to the identifier when specifying a type and next to the key in dictionary literals (colon)
/Users/mypc/AI_develop/TsukiUsagi/.build/checkouts/SDWebImage/Examples/SDWebImage Vision Demo/DetailView.swift:33:41: error: Colon Spacing Violation: Colons should be next to the identifier when specifying a type and next to the key in dictionary literals (colon)
/Users/mypc/AI_develop/TsukiUsagi/.build/checkouts/SDWebImage/Examples/SDWebImage Vision Demo/DetailView.swift:28:1: error: Line Length Violation: Line should be 120 characters or less; currently it has 126 characters (line_length)
/Users/mypc/AI_develop/TsukiUsagi/.build/checkouts/SDWebImage/Examples/SDWebImage Vision Demo/DetailView.swift:33:1: error: Line Length Violation: Line should be 120 characters or less; currently it has 121 characters (line_length)
/Users/mypc/AI_develop/TsukiUsagi/.build/checkouts/SDWebImage/Examples/SDWebImage Vision Demo/DetailView.swift:16:1: error: Trailing Whitespace Violation: Lines should not have trailing whitespace (trailing_whitespace)
/Users/mypc/AI_develop/TsukiUsagi/TsukiUsagiUITests/TsukiUsagiUITests.swift:17:1: error: Line Length Violation: Line should be 120 characters or less; currently it has 182 characters (line_length)
/Users/mypc/AI_develop/TsukiUsagi/.build/checkouts/SDWebImageSwiftUI/Tests/AnimatedImageTests.swift:6:24: error: Colon Spacing Violation: Colons should be next to the identifier when specifying a type and next to the key in dictionary literals (colon)
/Users/mypc/AI_develop/TsukiUsagi/.build/checkouts/SDWebImageSwiftUI/Tests/AnimatedImageTests.swift:158:50: error: Colon Spacing Violation: Colons should be next to the identifier when specifying a type and next to the key in dictionary literals (colon)
/Users/mypc/AI_develop/TsukiUsagi/.build/checkouts/SDWebImageSwiftUI/Tests/AnimatedImageTests.swift:73:1: error: Line Length Violation: Line should be 120 characters or less; currently it has 136 characters (line_length)
/Users/mypc/AI_develop/TsukiUsagi/.build/checkouts/SDWebImageSwiftUI/Tests/AnimatedImageTests.swift:98:1: error: Line Length Violation: Line should be 120 characters or less; currently it has 171 characters (line_length)
/Users/mypc/AI_develop/TsukiUsagi/.build/checkouts/SDWebImageSwiftUI/Tests/AnimatedImageTests.swift:110:1: error: Line Length Violation: Line should be 120 characters or less; currently it has 187 characters (line_length)
/Users/mypc/AI_develop/TsukiUsagi/.build/checkouts/SDWebImageSwiftUI/Tests/AnimatedImageTests.swift:26:1: error: Trailing Whitespace Violation: Lines should not have trailing whitespace (trailing_whitespace)
/Users/mypc/AI_develop/TsukiUsagi/.build/checkouts/SDWebImageSwiftUI/Tests/AnimatedImageTests.swift:31:1: error: Trailing Whitespace Violation: Lines should not have trailing whitespace (trailing_whitespace)
/Users/mypc/AI_develop/TsukiUsagi/.build/checkouts/SDWebImageSwiftUI/Tests/AnimatedImageTests.swift:36:1: error: Trailing Whitespace Violation: Lines should not have trailing whitespace (trailing_whitespace)
/Users/mypc/AI_develop/TsukiUsagi/.build/checkouts/SDWebImageSwiftUI/Tests/AnimatedImageTests.swift:53:1: error: Trailing Whitespace Violation: Lines should not have trailing whitespace (trailing_whitespace)
/Users/mypc/AI_develop/TsukiUsagi/.build/checkouts/SDWebImageSwiftUI/Tests/AnimatedImageTests.swift:70:1: error: Trailing Whitespace Violation: Lines should not have trailing whitespace (trailing_whitespace)
/Users/mypc/AI_develop/TsukiUsagi/.build/checkouts/SDWebImageSwiftUI/Tests/AnimatedImageTests.swift:93:1: error: Trailing Whitespace Violation: Lines should not have trailing whitespace (trailing_whitespace)
/Users/mypc/AI_develop/TsukiUsagi/.build/checkouts/SDWebImageSwiftUI/Tests/AnimatedImageTests.swift:141:1: error: Trailing Whitespace Violation: Lines should not have trailing whitespace (trailing_whitespace)
/Users/mypc/AI_develop/TsukiUsagi/.build/checkouts/SDWebImageSwiftUI/Tests/AnimatedImageTests.swift:154:1: error: Trailing Whitespace Violation: Lines should not have trailing whitespace (trailing_whitespace)
/Users/mypc/AI_develop/TsukiUsagi/.build/checkouts/SDWebImageSwiftUI/Tests/AnimatedImageTests.swift:27:5: error: Unneeded Overridden Functions Violation: Remove overridden functions that don't do anything except call their super (unneeded_override)
/Users/mypc/AI_develop/TsukiUsagi/.build/checkouts/SDWebImageSwiftUI/Tests/AnimatedImageTests.swift:32:5: error: Unneeded Overridden Functions Violation: Remove overridden functions that don't do anything except call their super (unneeded_override)
/Users/mypc/AI_develop/TsukiUsagi/.build/checkouts/SDWebImageSwiftUI/Tests/AnimatedImageTests.swift:75:29: error: Unused Closure Parameter Violation: Unused parameter in a closure should be replaced with _ (unused_closure_parameter)
/Users/mypc/AI_develop/TsukiUsagi/.build/checkouts/SDWebImageSwiftUI/Tests/AnimatedImageTests.swift:75:35: error: Unused Closure Parameter Violation: Unused parameter in a closure should be replaced with _ (unused_closure_parameter)
/Users/mypc/AI_develop/TsukiUsagi/.build/checkouts/SDWebImageSwiftUI/Tests/AnimatedImageTests.swift:98:162: error: Unused Closure Parameter Violation: Unused parameter in a closure should be replaced with _ (unused_closure_parameter)
/Users/mypc/AI_develop/TsukiUsagi/.build/checkouts/SDWebImageSwiftUI/Tests/AnimatedImageTests.swift:151:13: error: XCTFail Message Violation: An XCTFail call should include a description of the assertion (xctfail_message)
/Users/mypc/AI_develop/TsukiUsagi/.build/checkouts/SDWebImage/Examples/SDWebImage Vision Demo/ContentView.swift:46:54: error: Colon Spacing Violation: Colons should be next to the identifier when specifying a type and next to the key in dictionary literals (colon)
/Users/mypc/AI_develop/TsukiUsagi/.build/checkouts/SDWebImage/Examples/SDWebImage Vision Demo/ContentView.swift:53:49: error: Colon Spacing Violation: Colons should be next to the identifier when specifying a type and next to the key in dictionary literals (colon)
/Users/mypc/AI_develop/TsukiUsagi/.build/checkouts/SDWebImage/Examples/SDWebImage Vision Demo/ContentView.swift:73:56: error: Multiple Closures with Trailing Closure Violation: Trailing closure syntax should not be used when passing more than one closure argument (multiple_closures_with_trailing_closure)
/Users/mypc/AI_develop/TsukiUsagi/.build/checkouts/SDWebImage/Examples/SDWebImage Vision Demo/ContentView.swift:76:55: error: Multiple Closures with Trailing Closure Violation: Trailing closure syntax should not be used when passing more than one closure argument (multiple_closures_with_trailing_closure)
/Users/mypc/AI_develop/TsukiUsagi/.build/checkouts/SDWebImage/Examples/SDWebImage Vision Demo/ContentView.swift:37:1: error: Trailing Whitespace Violation: Lines should not have trailing whitespace (trailing_whitespace)
/Users/mypc/AI_develop/TsukiUsagi/.build/checkouts/SDWebImage/Examples/SDWebImage Vision Demo/ContentView.swift:67:1: error: Trailing Whitespace Violation: Lines should not have trailing whitespace (trailing_whitespace)
/Users/mypc/AI_develop/TsukiUsagi/.build/checkouts/SDWebImage/Examples/SDWebImage Vision Demo/ContentView.swift:82:1: error: Trailing Whitespace Violation: Lines should not have trailing whitespace (trailing_whitespace)
/Users/mypc/AI_develop/TsukiUsagi/.build/checkouts/SDWebImage/Examples/SDWebImage Vision Demo/ContentView.swift:96:1: error: Trailing Whitespace Violation: Lines should not have trailing whitespace (trailing_whitespace)
/Users/mypc/AI_develop/TsukiUsagi/.build/checkouts/SDWebImage/Examples/SDWebImage Vision Demo/ContentView.swift:101:1: error: Trailing Whitespace Violation: Lines should not have trailing whitespace (trailing_whitespace)
/Users/mypc/AI_develop/TsukiUsagi/.build/checkouts/SDWebImage/Examples/SDWebImage Vision Demo/ContentView.swift:67:1: error: Vertical Whitespace Violation: Limit vertical whitespace to a single empty line; currently 2 (vertical_whitespace)
/Users/mypc/AI_develop/TsukiUsagi/.build/checkouts/SDWebImageSwiftUI/Tests/WebImageTests.swift:6:19: error: Colon Spacing Violation: Colons should be next to the identifier when specifying a type and next to the key in dictionary literals (colon)
/Users/mypc/AI_develop/TsukiUsagi/.build/checkouts/SDWebImageSwiftUI/Tests/WebImageTests.swift:22:1: error: Line Length Violation: Line should be 120 characters or less; currently it has 142 characters (line_length)
/Users/mypc/AI_develop/TsukiUsagi/.build/checkouts/SDWebImageSwiftUI/Tests/WebImageTests.swift:75:1: error: Line Length Violation: Line should be 120 characters or less; currently it has 128 characters (line_length)
/Users/mypc/AI_develop/TsukiUsagi/.build/checkouts/SDWebImageSwiftUI/Tests/WebImageTests.swift:160:1: error: Line Length Violation: Line should be 120 characters or less; currently it has 129 characters (line_length)
/Users/mypc/AI_develop/TsukiUsagi/.build/checkouts/SDWebImageSwiftUI/Tests/WebImageTests.swift:9:1: error: Trailing Whitespace Violation: Lines should not have trailing whitespace (trailing_whitespace)
/Users/mypc/AI_develop/TsukiUsagi/.build/checkouts/SDWebImageSwiftUI/Tests/WebImageTests.swift:14:1: error: Trailing Whitespace Violation: Lines should not have trailing whitespace (trailing_whitespace)
/Users/mypc/AI_develop/TsukiUsagi/.build/checkouts/SDWebImageSwiftUI/Tests/WebImageTests.swift:19:1: error: Trailing Whitespace Violation: Lines should not have trailing whitespace (trailing_whitespace)
/Users/mypc/AI_develop/TsukiUsagi/.build/checkouts/SDWebImageSwiftUI/Tests/WebImageTests.swift:40:1: error: Trailing Whitespace Violation: Lines should not have trailing whitespace (trailing_whitespace)
/Users/mypc/AI_develop/TsukiUsagi/.build/checkouts/SDWebImageSwiftUI/Tests/WebImageTests.swift:72:1: error: Trailing Whitespace Violation: Lines should not have trailing whitespace (trailing_whitespace)
/Users/mypc/AI_develop/TsukiUsagi/.build/checkouts/SDWebImageSwiftUI/Tests/WebImageTests.swift:85:1: error: Trailing Whitespace Violation: Lines should not have trailing whitespace (trailing_whitespace)
/Users/mypc/AI_develop/TsukiUsagi/.build/checkouts/SDWebImageSwiftUI/Tests/WebImageTests.swift:114:1: error: Trailing Whitespace Violation: Lines should not have trailing whitespace (trailing_whitespace)
/Users/mypc/AI_develop/TsukiUsagi/.build/checkouts/SDWebImageSwiftUI/Tests/WebImageTests.swift:137:1: error: Trailing Whitespace Violation: Lines should not have trailing whitespace (trailing_whitespace)
/Users/mypc/AI_develop/TsukiUsagi/.build/checkouts/SDWebImageSwiftUI/Tests/WebImageTests.swift:156:1: error: Trailing Whitespace Violation: Lines should not have trailing whitespace (trailing_whitespace)
/Users/mypc/AI_develop/TsukiUsagi/.build/checkouts/SDWebImageSwiftUI/Tests/WebImageTests.swift:10:5: error: Unneeded Overridden Functions Violation: Remove overridden functions that don't do anything except call their super (unneeded_override)
/Users/mypc/AI_develop/TsukiUsagi/.build/checkouts/SDWebImageSwiftUI/Tests/WebImageTests.swift:15:5: error: Unneeded Overridden Functions Violation: Remove overridden functions that don't do anything except call their super (unneeded_override)
/Users/mypc/AI_develop/TsukiUsagi/.build/checkouts/SDWebImageSwiftUI/Tests/WebImageTests.swift:24:52: error: Unused Closure Parameter Violation: Unused parameter in a closure should be replaced with _ (unused_closure_parameter)
/Users/mypc/AI_develop/TsukiUsagi/.build/checkouts/SDWebImageSwiftUI/Tests/WebImageTests.swift:24:59: error: Unused Closure Parameter Violation: Unused parameter in a closure should be replaced with _ (unused_closure_parameter)
/Users/mypc/AI_develop/TsukiUsagi/.build/checkouts/SDWebImageSwiftUI/Tests/WebImageTests.swift:24:65: error: Unused Closure Parameter Violation: Unused parameter in a closure should be replaced with _ (unused_closure_parameter)
/Users/mypc/AI_develop/TsukiUsagi/.build/checkouts/SDWebImageSwiftUI/Tests/WebImageTests.swift:46:59: error: Unused Closure Parameter Violation: Unused parameter in a closure should be replaced with _ (unused_closure_parameter)
/Users/mypc/AI_develop/TsukiUsagi/.build/checkouts/SDWebImageSwiftUI/Tests/WebImageTests.swift:46:65: error: Unused Closure Parameter Violation: Unused parameter in a closure should be replaced with _ (unused_closure_parameter)
/Users/mypc/AI_develop/TsukiUsagi/.build/checkouts/SDWebImageSwiftUI/Tests/WebImageTests.swift:126:59: error: Unused Closure Parameter Violation: Unused parameter in a closure should be replaced with _ (unused_closure_parameter)
/Users/mypc/AI_develop/TsukiUsagi/.build/checkouts/SDWebImageSwiftUI/Tests/WebImageTests.swift:162:52: error: Unused Closure Parameter Violation: Unused parameter in a closure should be replaced with _ (unused_closure_parameter)
/Users/mypc/AI_develop/TsukiUsagi/.build/checkouts/SDWebImageSwiftUI/Tests/WebImageTests.swift:162:59: error: Unused Closure Parameter Violation: Unused parameter in a closure should be replaced with _ (unused_closure_parameter)
/Users/mypc/AI_develop/TsukiUsagi/.build/checkouts/SDWebImageSwiftUI/Tests/WebImageTests.swift:162:65: error: Unused Closure Parameter Violation: Unused parameter in a closure should be replaced with _ (unused_closure_parameter)
/Users/mypc/AI_develop/TsukiUsagi/.build/checkouts/SDWebImageSwiftUI/Tests/WebImageTests.swift:82:13: error: XCTFail Message Violation: An XCTFail call should include a description of the assertion (xctfail_message)
/Users/mypc/AI_develop/TsukiUsagi/.build/checkouts/SDWebImageSwiftUI/SDWebImageSwiftUI/Classes/AnimatedImage.swift:22:38: error: Colon Spacing Violation: Colons should be next to the identifier when specifying a type and next to the key in dictionary literals (colon)
/Users/mypc/AI_develop/TsukiUsagi/.build/checkouts/SDWebImageSwiftUI/SDWebImageSwiftUI/Classes/AnimatedImage.swift:29:31: error: Colon Spacing Violation: Colons should be next to the identifier when specifying a type and next to the key in dictionary literals (colon)
/Users/mypc/AI_develop/TsukiUsagi/.build/checkouts/SDWebImageSwiftUI/SDWebImageSwiftUI/Classes/AnimatedImage.swift:33:56: error: Colon Spacing Violation: Colons should be next to the identifier when specifying a type and next to the key in dictionary literals (colon)
/Users/mypc/AI_develop/TsukiUsagi/.build/checkouts/SDWebImageSwiftUI/SDWebImageSwiftUI/Classes/AnimatedImage.swift:44:33: error: Colon Spacing Violation: Colons should be next to the identifier when specifying a type and next to the key in dictionary literals (colon)
/Users/mypc/AI_develop/TsukiUsagi/.build/checkouts/SDWebImageSwiftUI/SDWebImageSwiftUI/Classes/AnimatedImage.swift:69:32: error: Colon Spacing Violation: Colons should be next to the identifier when specifying a type and next to the key in dictionary literals (colon)
/Users/mypc/AI_develop/TsukiUsagi/.build/checkouts/SDWebImageSwiftUI/SDWebImageSwiftUI/Classes/AnimatedImage.swift:103:28: error: Colon Spacing Violation: Colons should be next to the identifier when specifying a type and next to the key in dictionary literals (colon)
/Users/mypc/AI_develop/TsukiUsagi/.build/checkouts/SDWebImageSwiftUI/SDWebImageSwiftUI/Classes/AnimatedImage.swift:123:94: error: Colon Spacing Violation: Colons should be next to the identifier when specifying a type and next to the key in dictionary literals (colon)
/Users/mypc/AI_develop/TsukiUsagi/.build/checkouts/SDWebImageSwiftUI/SDWebImageSwiftUI/Classes/AnimatedImage.swift:133:94: error: Colon Spacing Violation: Colons should be next to the identifier when specifying a type and next to the key in dictionary literals (colon)
/Users/mypc/AI_develop/TsukiUsagi/.build/checkouts/SDWebImageSwiftUI/SDWebImageSwiftUI/Classes/AnimatedImage.swift:828:87: error: Colon Spacing Violation: Colons should be next to the identifier when specifying a type and next to the key in dictionary literals (colon)
/Users/mypc/AI_develop/TsukiUsagi/.build/checkouts/SDWebImageSwiftUI/SDWebImageSwiftUI/Classes/AnimatedImage.swift:868:77: error: Colon Spacing Violation: Colons should be next to the identifier when specifying a type and next to the key in dictionary literals (colon)
/Users/mypc/AI_develop/TsukiUsagi/.build/checkouts/SDWebImageSwiftUI/SDWebImageSwiftUI/Classes/AnimatedImage.swift:874:148: error: Colon Spacing Violation: Colons should be next to the identifier when specifying a type and next to the key in dictionary literals (colon)
/Users/mypc/AI_develop/TsukiUsagi/.build/checkouts/SDWebImageSwiftUI/SDWebImageSwiftUI/Classes/AnimatedImage.swift:881:30: error: Colon Spacing Violation: Colons should be next to the identifier when specifying a type and next to the key in dictionary literals (colon)
/Users/mypc/AI_develop/TsukiUsagi/.build/checkouts/SDWebImageSwiftUI/SDWebImageSwiftUI/Classes/AnimatedImage.swift:254:13: error: Control Statement Violation: `if`, `for`, `guard`, `switch`, `while`, and `catch` statements shouldn't unnecessarily wrap their conditionals or arguments in parentheses (control_statement)
/Users/mypc/AI_develop/TsukiUsagi/.build/checkouts/SDWebImageSwiftUI/SDWebImageSwiftUI/Classes/AnimatedImage.swift:300:5: error: Cyclomatic Complexity Violation: Function should have complexity 10 or less; currently complexity is 14 (cyclomatic_complexity)
/Users/mypc/AI_develop/TsukiUsagi/.build/checkouts/SDWebImageSwiftUI/SDWebImageSwiftUI/Classes/AnimatedImage.swift:386:5: error: Cyclomatic Complexity Violation: Function should have complexity 10 or less; currently complexity is 20 (cyclomatic_complexity)
/Users/mypc/AI_develop/TsukiUsagi/.build/checkouts/SDWebImageSwiftUI/SDWebImageSwiftUI/Classes/AnimatedImage.swift:287:58: error: Discouraged Direct Initialization Violation: Discouraged direct initialization of types that can be harmful (discouraged_direct_init)
/Users/mypc/AI_develop/TsukiUsagi/.build/checkouts/SDWebImageSwiftUI/SDWebImageSwiftUI/Classes/AnimatedImage.swift:893:1: error: File Length Violation: File should contain 400 lines or less: currently contains 893 (file_length)
/Users/mypc/AI_develop/TsukiUsagi/.build/checkouts/SDWebImageSwiftUI/SDWebImageSwiftUI/Classes/AnimatedImage.swift:300:10: error: Function Body Length Violation: Function body should span 50 lines or less excluding comments and whitespace: currently spans 61 lines (function_body_length)
/Users/mypc/AI_develop/TsukiUsagi/.build/checkouts/SDWebImageSwiftUI/SDWebImageSwiftUI/Classes/AnimatedImage.swift:386:10: error: Function Body Length Violation: Function body should span 100 lines or less excluding comments and whitespace: currently spans 109 lines (function_body_length)
/Users/mypc/AI_develop/TsukiUsagi/.build/checkouts/SDWebImageSwiftUI/SDWebImageSwiftUI/Classes/AnimatedImage.swift:45:1: error: Line Length Violation: Line should be 120 characters or less; currently it has 152 characters (line_length)
/Users/mypc/AI_develop/TsukiUsagi/.build/checkouts/SDWebImageSwiftUI/SDWebImageSwiftUI/Classes/AnimatedImage.swift:46:1: error: Line Length Violation: Line should be 120 characters or less; currently it has 136 characters (line_length)
/Users/mypc/AI_develop/TsukiUsagi/.build/checkouts/SDWebImageSwiftUI/SDWebImageSwiftUI/Classes/AnimatedImage.swift:121:1: error: Line Length Violation: Line should be 120 characters or less; currently it has 124 characters (line_length)
/Users/mypc/AI_develop/TsukiUsagi/.build/checkouts/SDWebImageSwiftUI/SDWebImageSwiftUI/Classes/AnimatedImage.swift:122:1: error: Line Length Violation: Line should be 120 characters or less; currently it has 200 characters (line_length)
/Users/mypc/AI_develop/TsukiUsagi/.build/checkouts/SDWebImageSwiftUI/SDWebImageSwiftUI/Classes/AnimatedImage.swift:130:1: error: Line Length Violation: Line should be 120 characters or less; currently it has 124 characters (line_length)
/Users/mypc/AI_develop/TsukiUsagi/.build/checkouts/SDWebImageSwiftUI/SDWebImageSwiftUI/Classes/AnimatedImage.swift:131:1: error: Line Length Violation: Line should be 120 characters or less; currently it has 200 characters (line_length)
/Users/mypc/AI_develop/TsukiUsagi/.build/checkouts/SDWebImageSwiftUI/SDWebImageSwiftUI/Classes/AnimatedImage.swift:133:1: error: Line Length Violation: Line should be 120 characters or less; currently it has 138 characters (line_length)
/Users/mypc/AI_develop/TsukiUsagi/.build/checkouts/SDWebImageSwiftUI/SDWebImageSwiftUI/Classes/AnimatedImage.swift:252:1: error: Line Length Violation: Line should be 200 characters or less; currently it has 221 characters (line_length)
/Users/mypc/AI_develop/TsukiUsagi/.build/checkouts/SDWebImageSwiftUI/SDWebImageSwiftUI/Classes/AnimatedImage.swift:265:1: error: Line Length Violation: Line should be 120 characters or less; currently it has 140 characters (line_length)
/Users/mypc/AI_develop/TsukiUsagi/.build/checkouts/SDWebImageSwiftUI/SDWebImageSwiftUI/Classes/AnimatedImage.swift:267:1: error: Line Length Violation: Line should be 120 characters or less; currently it has 126 characters (line_length)
/Users/mypc/AI_develop/TsukiUsagi/.build/checkouts/SDWebImageSwiftUI/SDWebImageSwiftUI/Classes/AnimatedImage.swift:268:1: error: Line Length Violation: Line should be 120 characters or less; currently it has 127 characters (line_length)
/Users/mypc/AI_develop/TsukiUsagi/.build/checkouts/SDWebImageSwiftUI/SDWebImageSwiftUI/Classes/AnimatedImage.swift:302:1: error: Line Length Violation: Line should be 120 characters or less; currently it has 142 characters (line_length)
/Users/mypc/AI_develop/TsukiUsagi/.build/checkouts/SDWebImageSwiftUI/SDWebImageSwiftUI/Classes/AnimatedImage.swift:394:1: error: Line Length Violation: Line should be 120 characters or less; currently it has 130 characters (line_length)
/Users/mypc/AI_develop/TsukiUsagi/.build/checkouts/SDWebImageSwiftUI/SDWebImageSwiftUI/Classes/AnimatedImage.swift:405:1: error: Line Length Violation: Line should be 120 characters or less; currently it has 151 characters (line_length)
/Users/mypc/AI_develop/TsukiUsagi/.build/checkouts/SDWebImageSwiftUI/SDWebImageSwiftUI/Classes/AnimatedImage.swift:406:1: error: Line Length Violation: Line should be 120 characters or less; currently it has 127 characters (line_length)
/Users/mypc/AI_develop/TsukiUsagi/.build/checkouts/SDWebImageSwiftUI/SDWebImageSwiftUI/Classes/AnimatedImage.swift:444:1: error: Line Length Violation: Line should be 120 characters or less; currently it has 190 characters (line_length)
/Users/mypc/AI_develop/TsukiUsagi/.build/checkouts/SDWebImageSwiftUI/SDWebImageSwiftUI/Classes/AnimatedImage.swift:446:1: error: Line Length Violation: Line should be 120 characters or less; currently it has 190 characters (line_length)
/Users/mypc/AI_develop/TsukiUsagi/.build/checkouts/SDWebImageSwiftUI/SDWebImageSwiftUI/Classes/AnimatedImage.swift:696:1: error: Line Length Violation: Line should be 120 characters or less; currently it has 198 characters (line_length)
/Users/mypc/AI_develop/TsukiUsagi/.build/checkouts/SDWebImageSwiftUI/SDWebImageSwiftUI/Classes/AnimatedImage.swift:699:1: error: Line Length Violation: Line should be 120 characters or less; currently it has 141 characters (line_length)
/Users/mypc/AI_develop/TsukiUsagi/.build/checkouts/SDWebImageSwiftUI/SDWebImageSwiftUI/Classes/AnimatedImage.swift:707:1: error: Line Length Violation: Line should be 120 characters or less; currently it has 136 characters (line_length)
/Users/mypc/AI_develop/TsukiUsagi/.build/checkouts/SDWebImageSwiftUI/SDWebImageSwiftUI/Classes/AnimatedImage.swift:708:1: error: Line Length Violation: Line should be 120 characters or less; currently it has 163 characters (line_length)
/Users/mypc/AI_develop/TsukiUsagi/.build/checkouts/SDWebImageSwiftUI/SDWebImageSwiftUI/Classes/AnimatedImage.swift:718:1: error: Line Length Violation: Line should be 120 characters or less; currently it has 191 characters (line_length)
/Users/mypc/AI_develop/TsukiUsagi/.build/checkouts/SDWebImageSwiftUI/SDWebImageSwiftUI/Classes/AnimatedImage.swift:725:1: error: Line Length Violation: Line should be 120 characters or less; currently it has 192 characters (line_length)
/Users/mypc/AI_develop/TsukiUsagi/.build/checkouts/SDWebImageSwiftUI/SDWebImageSwiftUI/Classes/AnimatedImage.swift:726:1: error: Line Length Violation: Line should be 120 characters or less; currently it has 144 characters (line_length)
/Users/mypc/AI_develop/TsukiUsagi/.build/checkouts/SDWebImageSwiftUI/SDWebImageSwiftUI/Classes/AnimatedImage.swift:734:1: error: Line Length Violation: Line should be 120 characters or less; currently it has 164 characters (line_length)
/Users/mypc/AI_develop/TsukiUsagi/.build/checkouts/SDWebImageSwiftUI/SDWebImageSwiftUI/Classes/AnimatedImage.swift:754:1: error: Line Length Violation: Line should be 120 characters or less; currently it has 131 characters (line_length)
/Users/mypc/AI_develop/TsukiUsagi/.build/checkouts/SDWebImageSwiftUI/SDWebImageSwiftUI/Classes/AnimatedImage.swift:767:1: error: Line Length Violation: Line should be 120 characters or less; currently it has 131 characters (line_length)
/Users/mypc/AI_develop/TsukiUsagi/.build/checkouts/SDWebImageSwiftUI/SDWebImageSwiftUI/Classes/AnimatedImage.swift:776:1: error: Line Length Violation: Line should be 200 characters or less; currently it has 209 characters (line_length)
/Users/mypc/AI_develop/TsukiUsagi/.build/checkouts/SDWebImageSwiftUI/SDWebImageSwiftUI/Classes/AnimatedImage.swift:785:1: error: Line Length Violation: Line should be 120 characters or less; currently it has 172 characters (line_length)
/Users/mypc/AI_develop/TsukiUsagi/.build/checkouts/SDWebImageSwiftUI/SDWebImageSwiftUI/Classes/AnimatedImage.swift:814:1: error: Line Length Violation: Line should be 120 characters or less; currently it has 136 characters (line_length)
/Users/mypc/AI_develop/TsukiUsagi/.build/checkouts/SDWebImageSwiftUI/SDWebImageSwiftUI/Classes/AnimatedImage.swift:827:1: error: Line Length Violation: Line should be 200 characters or less; currently it has 204 characters (line_length)
/Users/mypc/AI_develop/TsukiUsagi/.build/checkouts/SDWebImageSwiftUI/SDWebImageSwiftUI/Classes/AnimatedImage.swift:874:1: error: Line Length Violation: Line should be 120 characters or less; currently it has 156 characters (line_length)
/Users/mypc/AI_develop/TsukiUsagi/.build/checkouts/SDWebImageSwiftUI/SDWebImageSwiftUI/Classes/AnimatedImage.swift:263:12: error: Multiple Closures with Trailing Closure Violation: Trailing closure syntax should not be used when passing more than one closure argument (multiple_closures_with_trailing_closure)
/Users/mypc/AI_develop/TsukiUsagi/.build/checkouts/SDWebImageSwiftUI/SDWebImageSwiftUI/Classes/AnimatedImage.swift:593:5: error: Opening Brace Spacing Violation: Opening braces should be preceded by a single space and on the same line as the declaration (opening_brace)
/Users/mypc/AI_develop/TsukiUsagi/.build/checkouts/SDWebImageSwiftUI/SDWebImageSwiftUI/Classes/AnimatedImage.swift:649:9: error: Redundant Discardable Let Violation: Prefer `_ = foo()` over `let _ = foo()` when discarding a result from a function (redundant_discardable_let)
/Users/mypc/AI_develop/TsukiUsagi/.build/checkouts/SDWebImageSwiftUI/SDWebImageSwiftUI/Classes/AnimatedImage.swift:33:64: error: Redundant Optional Initialization Violation: Initializing an optional variable with nil is redundant (redundant_optional_initialization)
/Users/mypc/AI_develop/TsukiUsagi/.build/checkouts/SDWebImageSwiftUI/SDWebImageSwiftUI/Classes/AnimatedImage.swift:17:1: error: Trailing Whitespace Violation: Lines should not have trailing whitespace (trailing_whitespace)
/Users/mypc/AI_develop/TsukiUsagi/.build/checkouts/SDWebImageSwiftUI/SDWebImageSwiftUI/Classes/AnimatedImage.swift:20:1: error: Trailing Whitespace Violation: Lines should not have trailing whitespace (trailing_whitespace)
/Users/mypc/AI_develop/TsukiUsagi/.build/checkouts/SDWebImageSwiftUI/SDWebImageSwiftUI/Classes/AnimatedImage.swift:23:1: error: Trailing Whitespace Violation: Lines should not have trailing whitespace (trailing_whitespace)
/Users/mypc/AI_develop/TsukiUsagi/.build/checkouts/SDWebImageSwiftUI/SDWebImageSwiftUI/Classes/AnimatedImage.swift:48:1: error: Trailing Whitespace Violation: Lines should not have trailing whitespace (trailing_whitespace)
/Users/mypc/AI_develop/TsukiUsagi/.build/checkouts/SDWebImageSwiftUI/SDWebImageSwiftUI/Classes/AnimatedImage.swift:108:1: error: Trailing Whitespace Violation: Lines should not have trailing whitespace (trailing_whitespace)
/Users/mypc/AI_develop/TsukiUsagi/.build/checkouts/SDWebImageSwiftUI/SDWebImageSwiftUI/Classes/AnimatedImage.swift:111:1: error: Trailing Whitespace Violation: Lines should not have trailing whitespace (trailing_whitespace)
/Users/mypc/AI_develop/TsukiUsagi/.build/checkouts/SDWebImageSwiftUI/SDWebImageSwiftUI/Classes/AnimatedImage.swift:113:1: error: Trailing Whitespace Violation: Lines should not have trailing whitespace (trailing_whitespace)
/Users/mypc/AI_develop/TsukiUsagi/.build/checkouts/SDWebImageSwiftUI/SDWebImageSwiftUI/Classes/AnimatedImage.swift:117:1: error: Trailing Whitespace Violation: Lines should not have trailing whitespace (trailing_whitespace)
/Users/mypc/AI_develop/TsukiUsagi/.build/checkouts/SDWebImageSwiftUI/SDWebImageSwiftUI/Classes/AnimatedImage.swift:126:1: error: Trailing Whitespace Violation: Lines should not have trailing whitespace (trailing_whitespace)
/Users/mypc/AI_develop/TsukiUsagi/.build/checkouts/SDWebImageSwiftUI/SDWebImageSwiftUI/Classes/AnimatedImage.swift:140:1: error: Trailing Whitespace Violation: Lines should not have trailing whitespace (trailing_whitespace)
/Users/mypc/AI_develop/TsukiUsagi/.build/checkouts/SDWebImageSwiftUI/SDWebImageSwiftUI/Classes/AnimatedImage.swift:148:1: error: Trailing Whitespace Violation: Lines should not have trailing whitespace (trailing_whitespace)
/Users/mypc/AI_develop/TsukiUsagi/.build/checkouts/SDWebImageSwiftUI/SDWebImageSwiftUI/Classes/AnimatedImage.swift:160:1: error: Trailing Whitespace Violation: Lines should not have trailing whitespace (trailing_whitespace)
/Users/mypc/AI_develop/TsukiUsagi/.build/checkouts/SDWebImageSwiftUI/SDWebImageSwiftUI/Classes/AnimatedImage.swift:167:1: error: Trailing Whitespace Violation: Lines should not have trailing whitespace (trailing_whitespace)
/Users/mypc/AI_develop/TsukiUsagi/.build/checkouts/SDWebImageSwiftUI/SDWebImageSwiftUI/Classes/AnimatedImage.swift:178:1: error: Trailing Whitespace Violation: Lines should not have trailing whitespace (trailing_whitespace)
/Users/mypc/AI_develop/TsukiUsagi/.build/checkouts/SDWebImageSwiftUI/SDWebImageSwiftUI/Classes/AnimatedImage.swift:183:1: error: Trailing Whitespace Violation: Lines should not have trailing whitespace (trailing_whitespace)
/Users/mypc/AI_develop/TsukiUsagi/.build/checkouts/SDWebImageSwiftUI/SDWebImageSwiftUI/Classes/AnimatedImage.swift:189:1: error: Trailing Whitespace Violation: Lines should not have trailing whitespace (trailing_whitespace)
/Users/mypc/AI_develop/TsukiUsagi/.build/checkouts/SDWebImageSwiftUI/SDWebImageSwiftUI/Classes/AnimatedImage.swift:191:1: error: Trailing Whitespace Violation: Lines should not have trailing whitespace (trailing_whitespace)
/Users/mypc/AI_develop/TsukiUsagi/.build/checkouts/SDWebImageSwiftUI/SDWebImageSwiftUI/Classes/AnimatedImage.swift:195:1: error: Trailing Whitespace Violation: Lines should not have trailing whitespace (trailing_whitespace)
/Users/mypc/AI_develop/TsukiUsagi/.build/checkouts/SDWebImageSwiftUI/SDWebImageSwiftUI/Classes/AnimatedImage.swift:200:1: error: Trailing Whitespace Violation: Lines should not have trailing whitespace (trailing_whitespace)
/Users/mypc/AI_develop/TsukiUsagi/.build/checkouts/SDWebImageSwiftUI/SDWebImageSwiftUI/Classes/AnimatedImage.swift:204:1: error: Trailing Whitespace Violation: Lines should not have trailing whitespace (trailing_whitespace)
/Users/mypc/AI_develop/TsukiUsagi/.build/checkouts/SDWebImageSwiftUI/SDWebImageSwiftUI/Classes/AnimatedImage.swift:212:1: error: Trailing Whitespace Violation: Lines should not have trailing whitespace (trailing_whitespace)
/Users/mypc/AI_develop/TsukiUsagi/.build/checkouts/SDWebImageSwiftUI/SDWebImageSwiftUI/Classes/AnimatedImage.swift:216:1: error: Trailing Whitespace Violation: Lines should not have trailing whitespace (trailing_whitespace)
/Users/mypc/AI_develop/TsukiUsagi/.build/checkouts/SDWebImageSwiftUI/SDWebImageSwiftUI/Classes/AnimatedImage.swift:221:1: error: Trailing Whitespace Violation: Lines should not have trailing whitespace (trailing_whitespace)
/Users/mypc/AI_develop/TsukiUsagi/.build/checkouts/SDWebImageSwiftUI/SDWebImageSwiftUI/Classes/AnimatedImage.swift:241:1: error: Trailing Whitespace Violation: Lines should not have trailing whitespace (trailing_whitespace)
/Users/mypc/AI_develop/TsukiUsagi/.build/checkouts/SDWebImageSwiftUI/SDWebImageSwiftUI/Classes/AnimatedImage.swift:291:1: error: Trailing Whitespace Violation: Lines should not have trailing whitespace (trailing_whitespace)
/Users/mypc/AI_develop/TsukiUsagi/.build/checkouts/SDWebImageSwiftUI/SDWebImageSwiftUI/Classes/AnimatedImage.swift:299:1: error: Trailing Whitespace Violation: Lines should not have trailing whitespace (trailing_whitespace)
/Users/mypc/AI_develop/TsukiUsagi/.build/checkouts/SDWebImageSwiftUI/SDWebImageSwiftUI/Classes/AnimatedImage.swift:352:1: error: Trailing Whitespace Violation: Lines should not have trailing whitespace (trailing_whitespace)
/Users/mypc/AI_develop/TsukiUsagi/.build/checkouts/SDWebImageSwiftUI/SDWebImageSwiftUI/Classes/AnimatedImage.swift:366:1: error: Trailing Whitespace Violation: Lines should not have trailing whitespace (trailing_whitespace)
/Users/mypc/AI_develop/TsukiUsagi/.build/checkouts/SDWebImageSwiftUI/SDWebImageSwiftUI/Classes/AnimatedImage.swift:373:1: error: Trailing Whitespace Violation: Lines should not have trailing whitespace (trailing_whitespace)
/Users/mypc/AI_develop/TsukiUsagi/.build/checkouts/SDWebImageSwiftUI/SDWebImageSwiftUI/Classes/AnimatedImage.swift:385:1: error: Trailing Whitespace Violation: Lines should not have trailing whitespace (trailing_whitespace)
/Users/mypc/AI_develop/TsukiUsagi/.build/checkouts/SDWebImageSwiftUI/SDWebImageSwiftUI/Classes/AnimatedImage.swift:426:1: error: Trailing Whitespace Violation: Lines should not have trailing whitespace (trailing_whitespace)
/Users/mypc/AI_develop/TsukiUsagi/.build/checkouts/SDWebImageSwiftUI/SDWebImageSwiftUI/Classes/AnimatedImage.swift:432:1: error: Trailing Whitespace Violation: Lines should not have trailing whitespace (trailing_whitespace)
/Users/mypc/AI_develop/TsukiUsagi/.build/checkouts/SDWebImageSwiftUI/SDWebImageSwiftUI/Classes/AnimatedImage.swift:437:1: error: Trailing Whitespace Violation: Lines should not have trailing whitespace (trailing_whitespace)
/Users/mypc/AI_develop/TsukiUsagi/.build/checkouts/SDWebImageSwiftUI/SDWebImageSwiftUI/Classes/AnimatedImage.swift:470:1: error: Trailing Whitespace Violation: Lines should not have trailing whitespace (trailing_whitespace)
/Users/mypc/AI_develop/TsukiUsagi/.build/checkouts/SDWebImageSwiftUI/SDWebImageSwiftUI/Classes/AnimatedImage.swift:494:1: error: Trailing Whitespace Violation: Lines should not have trailing whitespace (trailing_whitespace)
/Users/mypc/AI_develop/TsukiUsagi/.build/checkouts/SDWebImageSwiftUI/SDWebImageSwiftUI/Classes/AnimatedImage.swift:513:1: error: Trailing Whitespace Violation: Lines should not have trailing whitespace (trailing_whitespace)
/Users/mypc/AI_develop/TsukiUsagi/.build/checkouts/SDWebImageSwiftUI/SDWebImageSwiftUI/Classes/AnimatedImage.swift:516:1: error: Trailing Whitespace Violation: Lines should not have trailing whitespace (trailing_whitespace)
/Users/mypc/AI_develop/TsukiUsagi/.build/checkouts/SDWebImageSwiftUI/SDWebImageSwiftUI/Classes/AnimatedImage.swift:519:1: error: Trailing Whitespace Violation: Lines should not have trailing whitespace (trailing_whitespace)
/Users/mypc/AI_develop/TsukiUsagi/.build/checkouts/SDWebImageSwiftUI/SDWebImageSwiftUI/Classes/AnimatedImage.swift:527:1: error: Trailing Whitespace Violation: Lines should not have trailing whitespace (trailing_whitespace)
/Users/mypc/AI_develop/TsukiUsagi/.build/checkouts/SDWebImageSwiftUI/SDWebImageSwiftUI/Classes/AnimatedImage.swift:535:1: error: Trailing Whitespace Violation: Lines should not have trailing whitespace (trailing_whitespace)
/Users/mypc/AI_develop/TsukiUsagi/.build/checkouts/SDWebImageSwiftUI/SDWebImageSwiftUI/Classes/AnimatedImage.swift:544:1: error: Trailing Whitespace Violation: Lines should not have trailing whitespace (trailing_whitespace)
/Users/mypc/AI_develop/TsukiUsagi/.build/checkouts/SDWebImageSwiftUI/SDWebImageSwiftUI/Classes/AnimatedImage.swift:551:1: error: Trailing Whitespace Violation: Lines should not have trailing whitespace (trailing_whitespace)
/Users/mypc/AI_develop/TsukiUsagi/.build/checkouts/SDWebImageSwiftUI/SDWebImageSwiftUI/Classes/AnimatedImage.swift:558:1: error: Trailing Whitespace Violation: Lines should not have trailing whitespace (trailing_whitespace)
/Users/mypc/AI_develop/TsukiUsagi/.build/checkouts/SDWebImageSwiftUI/SDWebImageSwiftUI/Classes/AnimatedImage.swift:565:1: error: Trailing Whitespace Violation: Lines should not have trailing whitespace (trailing_whitespace)
/Users/mypc/AI_develop/TsukiUsagi/.build/checkouts/SDWebImageSwiftUI/SDWebImageSwiftUI/Classes/AnimatedImage.swift:572:1: error: Trailing Whitespace Violation: Lines should not have trailing whitespace (trailing_whitespace)
/Users/mypc/AI_develop/TsukiUsagi/.build/checkouts/SDWebImageSwiftUI/SDWebImageSwiftUI/Classes/AnimatedImage.swift:585:1: error: Trailing Whitespace Violation: Lines should not have trailing whitespace (trailing_whitespace)
/Users/mypc/AI_develop/TsukiUsagi/.build/checkouts/SDWebImageSwiftUI/SDWebImageSwiftUI/Classes/AnimatedImage.swift:598:1: error: Trailing Whitespace Violation: Lines should not have trailing whitespace (trailing_whitespace)
/Users/mypc/AI_develop/TsukiUsagi/.build/checkouts/SDWebImageSwiftUI/SDWebImageSwiftUI/Classes/AnimatedImage.swift:606:1: error: Trailing Whitespace Violation: Lines should not have trailing whitespace (trailing_whitespace)
/Users/mypc/AI_develop/TsukiUsagi/.build/checkouts/SDWebImageSwiftUI/SDWebImageSwiftUI/Classes/AnimatedImage.swift:613:1: error: Trailing Whitespace Violation: Lines should not have trailing whitespace (trailing_whitespace)
/Users/mypc/AI_develop/TsukiUsagi/.build/checkouts/SDWebImageSwiftUI/SDWebImageSwiftUI/Classes/AnimatedImage.swift:675:1: error: Trailing Whitespace Violation: Lines should not have trailing whitespace (trailing_whitespace)
/Users/mypc/AI_develop/TsukiUsagi/.build/checkouts/SDWebImageSwiftUI/SDWebImageSwiftUI/Classes/AnimatedImage.swift:687:1: error: Trailing Whitespace Violation: Lines should not have trailing whitespace (trailing_whitespace)
/Users/mypc/AI_develop/TsukiUsagi/.build/checkouts/SDWebImageSwiftUI/SDWebImageSwiftUI/Classes/AnimatedImage.swift:695:1: error: Trailing Whitespace Violation: Lines should not have trailing whitespace (trailing_whitespace)
/Users/mypc/AI_develop/TsukiUsagi/.build/checkouts/SDWebImageSwiftUI/SDWebImageSwiftUI/Classes/AnimatedImage.swift:706:1: error: Trailing Whitespace Violation: Lines should not have trailing whitespace (trailing_whitespace)
/Users/mypc/AI_develop/TsukiUsagi/.build/checkouts/SDWebImageSwiftUI/SDWebImageSwiftUI/Classes/AnimatedImage.swift:715:1: error: Trailing Whitespace Violation: Lines should not have trailing whitespace (trailing_whitespace)
/Users/mypc/AI_develop/TsukiUsagi/.build/checkouts/SDWebImageSwiftUI/SDWebImageSwiftUI/Classes/AnimatedImage.swift:724:1: error: Trailing Whitespace Violation: Lines should not have trailing whitespace (trailing_whitespace)
/Users/mypc/AI_develop/TsukiUsagi/.build/checkouts/SDWebImageSwiftUI/SDWebImageSwiftUI/Classes/AnimatedImage.swift:732:1: error: Trailing Whitespace Violation: Lines should not have trailing whitespace (trailing_whitespace)
/Users/mypc/AI_develop/TsukiUsagi/.build/checkouts/SDWebImageSwiftUI/SDWebImageSwiftUI/Classes/AnimatedImage.swift:740:1: error: Trailing Whitespace Violation: Lines should not have trailing whitespace (trailing_whitespace)
/Users/mypc/AI_develop/TsukiUsagi/.build/checkouts/SDWebImageSwiftUI/SDWebImageSwiftUI/Classes/AnimatedImage.swift:752:1: error: Trailing Whitespace Violation: Lines should not have trailing whitespace (trailing_whitespace)
/Users/mypc/AI_develop/TsukiUsagi/.build/checkouts/SDWebImageSwiftUI/SDWebImageSwiftUI/Classes/AnimatedImage.swift:764:1: error: Trailing Whitespace Violation: Lines should not have trailing whitespace (trailing_whitespace)
/Users/mypc/AI_develop/TsukiUsagi/.build/checkouts/SDWebImageSwiftUI/SDWebImageSwiftUI/Classes/AnimatedImage.swift:773:1: error: Trailing Whitespace Violation: Lines should not have trailing whitespace (trailing_whitespace)
/Users/mypc/AI_develop/TsukiUsagi/.build/checkouts/SDWebImageSwiftUI/SDWebImageSwiftUI/Classes/AnimatedImage.swift:782:1: error: Trailing Whitespace Violation: Lines should not have trailing whitespace (trailing_whitespace)
/Users/mypc/AI_develop/TsukiUsagi/.build/checkouts/SDWebImageSwiftUI/SDWebImageSwiftUI/Classes/AnimatedImage.swift:796:1: error: Trailing Whitespace Violation: Lines should not have trailing whitespace (trailing_whitespace)
/Users/mypc/AI_develop/TsukiUsagi/.build/checkouts/SDWebImageSwiftUI/SDWebImageSwiftUI/Classes/AnimatedImage.swift:804:1: error: Trailing Whitespace Violation: Lines should not have trailing whitespace (trailing_whitespace)
/Users/mypc/AI_develop/TsukiUsagi/.build/checkouts/SDWebImageSwiftUI/SDWebImageSwiftUI/Classes/AnimatedImage.swift:812:1: error: Trailing Whitespace Violation: Lines should not have trailing whitespace (trailing_whitespace)
/Users/mypc/AI_develop/TsukiUsagi/.build/checkouts/SDWebImageSwiftUI/SDWebImageSwiftUI/Classes/AnimatedImage.swift:824:1: error: Trailing Whitespace Violation: Lines should not have trailing whitespace (trailing_whitespace)
/Users/mypc/AI_develop/TsukiUsagi/.build/checkouts/SDWebImageSwiftUI/SDWebImageSwiftUI/Classes/AnimatedImage.swift:837:1: error: Trailing Whitespace Violation: Lines should not have trailing whitespace (trailing_whitespace)
/Users/mypc/AI_develop/TsukiUsagi/.build/checkouts/SDWebImageSwiftUI/SDWebImageSwiftUI/Classes/AnimatedImage.swift:844:1: error: Trailing Whitespace Violation: Lines should not have trailing whitespace (trailing_whitespace)
/Users/mypc/AI_develop/TsukiUsagi/.build/checkouts/SDWebImageSwiftUI/SDWebImageSwiftUI/Classes/AnimatedImage.swift:852:1: error: Trailing Whitespace Violation: Lines should not have trailing whitespace (trailing_whitespace)
/Users/mypc/AI_develop/TsukiUsagi/.build/checkouts/SDWebImageSwiftUI/SDWebImageSwiftUI/Classes/AnimatedImage.swift:865:1: error: Trailing Whitespace Violation: Lines should not have trailing whitespace (trailing_whitespace)
/Users/mypc/AI_develop/TsukiUsagi/.build/checkouts/SDWebImageSwiftUI/SDWebImageSwiftUI/Classes/AnimatedImage.swift:871:1: error: Trailing Whitespace Violation: Lines should not have trailing whitespace (trailing_whitespace)
/Users/mypc/AI_develop/TsukiUsagi/.build/checkouts/SDWebImageSwiftUI/SDWebImageSwiftUI/Classes/AnimatedImage.swift:103:8: error: Type Body Length Violation: Type body should span 350 lines or less excluding comments and whitespace: currently spans 368 lines (type_body_length)
/Users/mypc/AI_develop/TsukiUsagi/.build/checkouts/SDWebImageSwiftUI/SDWebImageSwiftUI/Classes/AnimatedImage.swift:264:16: error: Unavailable Condition Violation: Use #unavailable instead of #available with an empty body (unavailable_condition)
/Users/mypc/AI_develop/TsukiUsagi/.build/checkouts/SDWebImageSwiftUI/SDWebImageSwiftUI/Classes/AnimatedImage.swift:263:46: error: Unused Closure Parameter Violation: Unused parameter in a closure should be replaced with _ (unused_closure_parameter)
/Users/mypc/AI_develop/TsukiUsagi/.build/checkouts/SDWebImageSwiftUI/SDWebImageSwiftUI/Classes/AnimatedImage.swift:270:28: error: Unused Optional Binding Violation: Prefer `!= nil` over `let _ =` (unused_optional_binding)
/Users/mypc/AI_develop/TsukiUsagi/.build/checkouts/SDWebImageSwiftUI/SDWebImageSwiftUI/Classes/AnimatedImage.swift:393:16: error: Unused Optional Binding Violation: Prefer `!= nil` over `let _ =` (unused_optional_binding)
/Users/mypc/AI_develop/TsukiUsagi/.build/checkouts/SDWebImageSwiftUI/SDWebImageSwiftUI/Classes/AnimatedImage.swift:434:16: error: Unused Optional Binding Violation: Prefer `!= nil` over `let _ =` (unused_optional_binding)
/Users/mypc/AI_develop/TsukiUsagi/TsukiUsagi/Entry/TsukiUsagiApp.swift:21:59: error: Identifier Name Violation: Variable name 'ok' should be between 3 and 40 characters long (identifier_name)
/Users/mypc/AI_develop/TsukiUsagi/TsukiUsagi/Entry/AppDelegate.swift:5:1: error: Line Length Violation: Line should be 120 characters or less; currently it has 127 characters (line_length)
/Users/mypc/AI_develop/TsukiUsagi/TsukiUsagi/Entry/AppDelegate.swift:11:1: error: Line Length Violation: Line should be 120 characters or less; currently it has 189 characters (line_length)
/Users/mypc/AI_develop/TsukiUsagi/TsukiUsagi/Resources/MoonMessage/MoonMessage.swift:15:48: error: Trailing Comma Violation: Collection literals should not have trailing commas (trailing_comma)
/Users/mypc/AI_develop/TsukiUsagi/TsukiUsagi/Resources/MoonMessage/MoonMessage.swift:23:58: error: Trailing Comma Violation: Collection literals should not have trailing commas (trailing_comma)
/Users/mypc/AI_develop/TsukiUsagi/TsukiUsagi/Resources/MoonMessage/MoonMessage.swift:34:32: error: Trailing Comma Violation: Collection literals should not have trailing commas (trailing_comma)
/Users/mypc/AI_develop/TsukiUsagi/TsukiUsagi/Resources/MoonMessage/MoonMessage.swift:41:40: error: Trailing Comma Violation: Collection literals should not have trailing commas (trailing_comma)
/Users/mypc/AI_develop/TsukiUsagi/TsukiUsagi/Resources/MoonMessage/MoonMessage.swift:53:42: error: Trailing Comma Violation: Collection literals should not have trailing commas (trailing_comma)
/Users/mypc/AI_develop/TsukiUsagi/TsukiUsagi/Resources/MoonMessage/MoonMessage.swift:65:54: error: Trailing Comma Violation: Collection literals should not have trailing commas (trailing_comma)
/Users/mypc/AI_develop/TsukiUsagi/TsukiUsagi/Resources/MoonMessage/MoonMessage.swift:75:36: error: Trailing Comma Violation: Collection literals should not have trailing commas (trailing_comma)
/Users/mypc/AI_develop/TsukiUsagi/TsukiUsagi/Resources/MoonMessage/MoonMessage.swift:83:53: error: Trailing Comma Violation: Collection literals should not have trailing commas (trailing_comma)
/Users/mypc/AI_develop/TsukiUsagi/TsukiUsagi/Resources/MoonMessage/MoonMessage.swift:91:56: error: Trailing Comma Violation: Collection literals should not have trailing commas (trailing_comma)
/Users/mypc/AI_develop/TsukiUsagi/TsukiUsagi/Resources/MoonMessage/MoonMessage.swift:99:60: error: Trailing Comma Violation: Collection literals should not have trailing commas (trailing_comma)
/Users/mypc/AI_develop/TsukiUsagi/TsukiUsagi/Resources/MoonMessage/MoonMessage.swift:108:41: error: Trailing Comma Violation: Collection literals should not have trailing commas (trailing_comma)
/Users/mypc/AI_develop/TsukiUsagi/TsukiUsagi/Resources/MoonMessage/MoonMessage.swift:115:47: error: Trailing Comma Violation: Collection literals should not have trailing commas (trailing_comma)
/Users/mypc/AI_develop/TsukiUsagi/TsukiUsagi/Resources/MoonMessage/MoonMessage.swift:122:43: error: Trailing Comma Violation: Collection literals should not have trailing commas (trailing_comma)
/Users/mypc/AI_develop/TsukiUsagi/TsukiUsagi/Resources/MoonMessage/MoonMessage.swift:128:38: error: Trailing Comma Violation: Collection literals should not have trailing commas (trailing_comma)
/Users/mypc/AI_develop/TsukiUsagi/TsukiUsagi/Resources/MoonMessage/MoonMessage.swift:140:37: error: Trailing Comma Violation: Collection literals should not have trailing commas (trailing_comma)
/Users/mypc/AI_develop/TsukiUsagi/TsukiUsagi/Resources/MoonMessage/MoonMessage.swift:146:55: error: Trailing Comma Violation: Collection literals should not have trailing commas (trailing_comma)
/Users/mypc/AI_develop/TsukiUsagi/TsukiUsagi/Resources/MoonMessage/MoonMessage.swift:166:37: error: Trailing Comma Violation: Collection literals should not have trailing commas (trailing_comma)
/Users/mypc/AI_develop/TsukiUsagi/TsukiUsagi/Resources/MoonMessage/MoonMessage.swift:167:11: error: Trailing Comma Violation: Collection literals should not have trailing commas (trailing_comma)
/Users/mypc/AI_develop/TsukiUsagi/TsukiUsagi/Features/Timer/TimerPanel.swift:52:1: error: Line Length Violation: Line should be 120 characters or less; currently it has 133 characters (line_length)
/Users/mypc/AI_develop/TsukiUsagi/TsukiUsagi/Features/Timer/TimerPanel.swift:48:12: error: Multiple Closures with Trailing Closure Violation: Trailing closure syntax should not be used when passing more than one closure argument (multiple_closures_with_trailing_closure)
/Users/mypc/AI_develop/TsukiUsagi/TsukiUsagi/Features/Timer/HapticManager.swift:16:5: error: Orphaned Doc Comment Violation: A doc comment should be attached to a declaration (orphaned_doc_comment)
/Users/mypc/AI_develop/TsukiUsagi/TsukiUsagi/Features/Settings/SessionNameManagerView.swift:70:75: error: Multiple Closures with Trailing Closure Violation: Trailing closure syntax should not be used when passing more than one closure argument (multiple_closures_with_trailing_closure)
/Users/mypc/AI_develop/TsukiUsagi/TsukiUsagi/Features/Settings/SessionNameManagerView.swift:77:62: error: Multiple Closures with Trailing Closure Violation: Trailing closure syntax should not be used when passing more than one closure argument (multiple_closures_with_trailing_closure)
/Users/mypc/AI_develop/TsukiUsagi/TsukiUsagi/Features/Settings/SessionNameManagerView.swift:146:86: error: Multiple Closures with Trailing Closure Violation: Trailing closure syntax should not be used when passing more than one closure argument (multiple_closures_with_trailing_closure)
/Users/mypc/AI_develop/TsukiUsagi/TsukiUsagi/Features/Settings/SessionNameManagerView.swift:153:73: error: Multiple Closures with Trailing Closure Violation: Trailing closure syntax should not be used when passing more than one closure argument (multiple_closures_with_trailing_closure)
/Users/mypc/AI_develop/TsukiUsagi/TsukiUsagi/Features/Settings/SessionNameManagerView.swift:11:45: error: Redundant Optional Initialization Violation: Initializing an optional variable with nil is redundant (redundant_optional_initialization)
/Users/mypc/AI_develop/TsukiUsagi/TsukiUsagi/Features/Settings/SessionNameManagerView.swift:15:40: error: Redundant Optional Initialization Violation: Initializing an optional variable with nil is redundant (redundant_optional_initialization)
/Users/mypc/AI_develop/TsukiUsagi/TsukiUsagi/Features/Settings/SessionNameManagerView.swift:18:49: error: Redundant Optional Initialization Violation: Initializing an optional variable with nil is redundant (redundant_optional_initialization)
/Users/mypc/AI_develop/TsukiUsagi/TsukiUsagi/Features/Settings/SessionNameManagerView.swift:7:1: error: Type Body Length Violation: Type body should span 250 lines or less excluding comments and whitespace: currently spans 259 lines (type_body_length)
/Users/mypc/AI_develop/TsukiUsagi/TsukiUsagi/Features/Settings/SettingsView.swift:375:1: error: Line Length Violation: Line should be 120 characters or less; currently it has 136 characters (line_length)
/Users/mypc/AI_develop/TsukiUsagi/TsukiUsagi/Features/Settings/SettingsView.swift:21:8: error: Todo Violation: TODOs should be resolved () (todo)
/Users/mypc/AI_develop/TsukiUsagi/TsukiUsagi/Features/Settings/SettingsView.swift:3:1: error: Type Body Length Violation: Type body should span 250 lines or less excluding comments and whitespace: currently spans 293 lines (type_body_length)
/Users/mypc/AI_develop/TsukiUsagi/TsukiUsagi/Entry/ContentView.swift:154:1: error: Line Length Violation: Line should be 120 characters or less; currently it has 121 characters (line_length)
/Users/mypc/AI_develop/TsukiUsagi/TsukiUsagi/Entry/ContentView.swift:159:1: error: Line Length Violation: Line should be 120 characters or less; currently it has 122 characters (line_length)
/Users/mypc/AI_develop/TsukiUsagi/TsukiUsagi/Entry/ContentView.swift:195:1: error: Line Length Violation: Line should be 120 characters or less; currently it has 122 characters (line_length)
/Users/mypc/AI_develop/TsukiUsagi/TsukiUsagi/Entry/ContentView.swift:227:1: error: Line Length Violation: Line should be 120 characters or less; currently it has 148 characters (line_length)
/Users/mypc/AI_develop/TsukiUsagi/TsukiUsagi/Entry/ContentView.swift:246:1: error: Line Length Violation: Line should be 120 characters or less; currently it has 144 characters (line_length)
/Users/mypc/AI_develop/TsukiUsagi/TsukiUsagi/Entry/ContentView.swift:274:1: error: Line Length Violation: Line should be 120 characters or less; currently it has 147 characters (line_length)
/Users/mypc/AI_develop/TsukiUsagi/TsukiUsagi/Entry/ContentView.swift:13:1: error: Type Body Length Violation: Type body should span 250 lines or less excluding comments and whitespace: currently spans 299 lines (type_body_length)
/Users/mypc/AI_develop/TsukiUsagi/TsukiUsagi/Entry/ContentView.swift:365:31: error: Void Function in Ternary Violation: Using ternary to call Void functions should be avoided (void_function_in_ternary)
/Users/mypc/AI_develop/TsukiUsagi/TsukiUsagi/Features/History/ViewModels/HistoryViewModel.swift:25:5: error: Function Parameter Count Violation: Function should have 5 parameters or less: it currently has 6 (function_parameter_count)
/Users/mypc/AI_develop/TsukiUsagi/TsukiUsagi/Features/History/ViewModels/HistoryViewModel.swift:95:19: error: Identifier Name Violation: Variable name 'i' should be between 3 and 40 characters long (identifier_name)
/Users/mypc/AI_develop/TsukiUsagi/TsukiUsagi/Features/History/ViewModels/HistoryViewModel.swift:30:5: error: Opening Brace Spacing Violation: Opening braces should be preceded by a single space and on the same line as the declaration (opening_brace)
/Users/mypc/AI_develop/TsukiUsagi/TsukiUsagi/Features/History/ViewModels/HistoryViewModel.swift:94:5: error: Opening Brace Spacing Violation: Opening braces should be preceded by a single space and on the same line as the declaration (opening_brace)
/Users/mypc/AI_develop/TsukiUsagi/TsukiUsagi/Features/Timer/TimerViewModel.swift:419:1: error: File Length Violation: File should contain 400 lines or less: currently contains 419 (file_length)
/Users/mypc/AI_develop/TsukiUsagi/TsukiUsagi/Features/Timer/TimerViewModel.swift:327:23: error: Identifier Name Violation: Variable name 't' should be between 3 and 40 characters long (identifier_name)
/Users/mypc/AI_develop/TsukiUsagi/TsukiUsagi/Features/Timer/TimerViewModel.swift:365:1: error: Line Length Violation: Line should be 120 characters or less; currently it has 135 characters (line_length)
/Users/mypc/AI_develop/TsukiUsagi/TsukiUsagi/Features/Timer/TimerViewModel.swift:106:9: error: Opening Brace Spacing Violation: Opening braces should be preceded by a single space and on the same line as the declaration (opening_brace)
/Users/mypc/AI_develop/TsukiUsagi/TsukiUsagi/Features/Timer/TimerViewModel.swift:327:9: error: Opening Brace Spacing Violation: Opening braces should be preceded by a single space and on the same line as the declaration (opening_brace)
/Users/mypc/AI_develop/TsukiUsagi/TsukiUsagi/Features/Timer/TimerViewModel.swift:23:58: error: Redundant Optional Initialization Violation: Initializing an optional variable with nil is redundant (redundant_optional_initialization)
/Users/mypc/AI_develop/TsukiUsagi/TsukiUsagi/Features/Timer/TimerViewModel.swift:25:44: error: Redundant Optional Initialization Violation: Initializing an optional variable with nil is redundant (redundant_optional_initialization)
/Users/mypc/AI_develop/TsukiUsagi/TsukiUsagi/Features/Timer/TimerViewModel.swift:34:41: error: Redundant Optional Initialization Violation: Initializing an optional variable with nil is redundant (redundant_optional_initialization)
/Users/mypc/AI_develop/TsukiUsagi/TsukiUsagi/Features/Timer/TimerViewModel.swift:38:39: error: Redundant Optional Initialization Violation: Initializing an optional variable with nil is redundant (redundant_optional_initialization)
/Users/mypc/AI_develop/TsukiUsagi/TsukiUsagi/Features/Timer/TimerViewModel.swift:14:7: error: Type Body Length Violation: Type body should span 250 lines or less excluding comments and whitespace: currently spans 295 lines (type_body_length)
/Users/mypc/AI_develop/TsukiUsagi/TsukiUsagi/Features/Shared/SessionManager.swift:87:1: error: Line Length Violation: Line should be 120 characters or less; currently it has 127 characters (line_length)
/Users/mypc/AI_develop/TsukiUsagi/TsukiUsagi/Features/Shared/SessionManager.swift:57:17: error: Opening Brace Spacing Violation: Opening braces should be preceded by a single space and on the same line as the declaration (opening_brace)
/Users/mypc/AI_develop/TsukiUsagi/TsukiUsagi/Features/Shared/SessionManager.swift:86:17: error: Opening Brace Spacing Violation: Opening braces should be preceded by a single space and on the same line as the declaration (opening_brace)
/Users/mypc/AI_develop/TsukiUsagi/TsukiUsagi/Foundation/Extensions/Color+Hex.swift:28:5: error: Orphaned Doc Comment Violation: A doc comment should be attached to a declaration (orphaned_doc_comment)
/Users/mypc/AI_develop/TsukiUsagi/TsukiUsagi/Foundation/Extensions/Color+Hex.swift:32:5: error: Orphaned Doc Comment Violation: A doc comment should be attached to a declaration (orphaned_doc_comment)
/Users/mypc/AI_develop/TsukiUsagi/TsukiUsagi/Foundation/Extensions/Color+Hex.swift:37:5: error: Orphaned Doc Comment Violation: A doc comment should be attached to a declaration (orphaned_doc_comment)
/Users/mypc/AI_develop/TsukiUsagi/TsukiUsagi/Foundation/PreviewData.swift:13:1: error: Line Length Violation: Line should be 120 characters or less; currently it has 122 characters (line_length)
/Users/mypc/AI_develop/TsukiUsagi/TsukiUsagi/Foundation/PreviewData.swift:14:1: error: Line Length Violation: Line should be 120 characters or less; currently it has 123 characters (line_length)
/Users/mypc/AI_develop/TsukiUsagi/TsukiUsagi/Foundation/PreviewData.swift:43:1: error: Line Length Violation: Line should be 120 characters or less; currently it has 126 characters (line_length)
/Users/mypc/AI_develop/TsukiUsagi/TsukiUsagi/Foundation/PreviewData.swift:69:1: error: Line Length Violation: Line should be 120 characters or less; currently it has 186 characters (line_length)
/Users/mypc/AI_develop/TsukiUsagi/TsukiUsagi/Foundation/PreviewData.swift:60:37: error: Trailing Comma Violation: Collection literals should not have trailing commas (trailing_comma)
/Users/mypc/AI_develop/TsukiUsagi/TsukiUsagi/Foundation/PreviewData.swift:97:93: error: Trailing Comma Violation: Collection literals should not have trailing commas (trailing_comma)
/Users/mypc/AI_develop/TsukiUsagi/TsukiUsagi/Foundation/PreviewData.swift:130:10: error: Trailing Comma Violation: Collection literals should not have trailing commas (trailing_comma)
/Users/mypc/AI_develop/TsukiUsagi/TsukiUsagi/Features/History/Views/HistoryView.swift:212:30: error: Identifier Name Violation: Variable name 'k' should be between 3 and 40 characters long (identifier_name)
/Users/mypc/AI_develop/TsukiUsagi/TsukiUsagi/Features/History/Views/HistoryView.swift:223:30: error: Identifier Name Violation: Variable name 'k' should be between 3 and 40 characters long (identifier_name)
/Users/mypc/AI_develop/TsukiUsagi/TsukiUsagi/Features/History/Views/HistoryView.swift:281:47: error: Identifier Name Violation: Variable name 's' should be between 3 and 40 characters long (identifier_name)
/Users/mypc/AI_develop/TsukiUsagi/TsukiUsagi/Features/History/Views/HistoryView.swift:347:1: error: Line Length Violation: Line should be 120 characters or less; currently it has 152 characters (line_length)
/Users/mypc/AI_develop/TsukiUsagi/TsukiUsagi/Features/History/Views/HistoryView.swift:16:45: error: Redundant Optional Initialization Violation: Initializing an optional variable with nil is redundant (redundant_optional_initialization)
/Users/mypc/AI_develop/TsukiUsagi/TsukiUsagi/Foundation/UIKitSupport/UIKitWrappers/SelectableTextView.swift:27:44: error: Trailing Comma Violation: Collection literals should not have trailing commas (trailing_comma)
/Users/mypc/AI_develop/TsukiUsagi/TsukiUsagi/Foundation/UIKitSupport/ViewModifiers.swift:80:18: error: Discouraged Font.system usage Violation: Font.systemDesignTokens.Fonts.xxx 
 Learn More: /docs/font_guidelines.md#why-forbidden
 (discouraged-font-usage)
/Users/mypc/AI_develop/TsukiUsagi/TsukiUsagi/Foundation/UIKitSupport/ViewModifiers.swift:40:13: error: Forbidden direct font usage Violation: DesignTokens.Fonts.labelBold Semantic
 See: /docs/lint_exceptions.md
 Learn More: /docs/font_guidelines.md#why-forbidden
 (forbidden-font-direct)
/Users/mypc/AI_develop/TsukiUsagi/TsukiUsagi/Foundation/UIKitSupport/ViewModifiers.swift:26:1: error: Superfluous Disable Command Violation: SwiftLint rule 'forbidden-font-direct' did not trigger a violation in the disabled region; remove the disable command (superfluous_disable_command)
/Users/mypc/AI_develop/TsukiUsagi/TsukiUsagi/Foundation/UIKitSupport/ViewModifiers.swift:80:1: error: Superfluous Disable Command Violation: SwiftLint rule 'forbidden-font-direct' did not trigger a violation in the disabled region; remove the disable command (superfluous_disable_command)
/Users/mypc/AI_develop/TsukiUsagi/TsukiUsagi/Foundation/UIKitSupport/ViewModifiers.swift:70:1: error: Line Length Violation: Line should be 120 characters or less; currently it has 132 characters (line_length)
/Users/mypc/AI_develop/TsukiUsagi/TsukiUsagi/Foundation/Components/OptimizedStarBackground.swift:69:1: error: Line Length Violation: Line should be 120 characters or less; currently it has 153 characters (line_length)
/Users/mypc/AI_develop/TsukiUsagi/TsukiUsagi/Foundation/UIKitSupport/GlitterTextModifier.swift:45:5: error: Opening Brace Spacing Violation: Opening braces should be preceded by a single space and on the same line as the declaration (opening_brace)
/Users/mypc/AI_develop/TsukiUsagi/TsukiUsagi/Models/SessionItem.swift:23:1: error: Line Length Violation: Line should be 120 characters or less; currently it has 131 characters (line_length)
/Users/mypc/AI_develop/TsukiUsagi/TsukiUsagi/Models/SessionItem.swift:24:1: error: Line Length Violation: Line should be 120 characters or less; currently it has 132 characters (line_length)
/Users/mypc/AI_develop/TsukiUsagi/TsukiUsagi/Models/SessionItem.swift:25:1: error: Line Length Violation: Line should be 120 characters or less; currently it has 131 characters (line_length)
/Users/mypc/AI_develop/TsukiUsagi/TsukiUsagi/Models/SessionItem.swift:25:131: error: Trailing Comma Violation: Collection literals should not have trailing commas (trailing_comma)
/Users/mypc/AI_develop/TsukiUsagi/TsukiUsagi/Foundation/DesignTokens.swift:132:13: error: Discouraged Font.system usage Violation: Font.systemDesignTokens.Fonts.xxx 
 Learn More: /docs/font_guidelines.md#why-forbidden
 (discouraged-font-usage)
/Users/mypc/AI_develop/TsukiUsagi/TsukiUsagi/Foundation/DesignTokens.swift:136:13: error: Discouraged Font.system usage Violation: Font.systemDesignTokens.Fonts.xxx 
 Learn More: /docs/font_guidelines.md#why-forbidden
 (discouraged-font-usage)
/Users/mypc/AI_develop/TsukiUsagi/TsukiUsagi/Foundation/DesignTokens.swift:140:13: error: Discouraged Font.system usage Violation: Font.systemDesignTokens.Fonts.xxx 
 Learn More: /docs/font_guidelines.md#why-forbidden
 (discouraged-font-usage)
/Users/mypc/AI_develop/TsukiUsagi/TsukiUsagi/Foundation/DesignTokens.swift:144:13: error: Discouraged Font.system usage Violation: Font.systemDesignTokens.Fonts.xxx 
 Learn More: /docs/font_guidelines.md#why-forbidden
 (discouraged-font-usage)
/Users/mypc/AI_develop/TsukiUsagi/TsukiUsagi/Foundation/DesignTokens.swift:148:13: error: Discouraged Font.system usage Violation: Font.systemDesignTokens.Fonts.xxx 
 Learn More: /docs/font_guidelines.md#why-forbidden
 (discouraged-font-usage)
/Users/mypc/AI_develop/TsukiUsagi/TsukiUsagi/Foundation/DesignTokens.swift:152:13: error: Discouraged Font.system usage Violation: Font.systemDesignTokens.Fonts.xxx 
 Learn More: /docs/font_guidelines.md#why-forbidden
 (discouraged-font-usage)
/Users/mypc/AI_develop/TsukiUsagi/TsukiUsagi/Components/Visual/Moon/QuietMoonView.swift:89:1: error: Superfluous Disable Command Violation: SwiftLint rule 'forbidden-font-direct' did not trigger a violation in the disabled region; remove the disable command (superfluous_disable_command)
/Users/mypc/AI_develop/TsukiUsagi/TsukiUsagi/Components/Visual/Moon/QuietMoonView.swift:89:1: error: Line Length Violation: Line should be 120 characters or less; currently it has 135 characters (line_length)
/Users/mypc/AI_develop/TsukiUsagi/TsukiUsagi/Components/Visual/Stars/StaticStarsView.swift:30:1: error: Line Length Violation: Line should be 120 characters or less; currently it has 124 characters (line_length)
/Users/mypc/AI_develop/TsukiUsagi/TsukiUsagi/Components/Visual/Backgrounds/BackgroundBlack.swift:9:67: error: Trailing Comma Violation: Collection literals should not have trailing commas (trailing_comma)
/Users/mypc/AI_develop/TsukiUsagi/TsukiUsagi/Components/Visual/Backgrounds/BackgroundLightPurple.swift:10:87: error: Trailing Comma Violation: Collection literals should not have trailing commas (trailing_comma)
/Users/mypc/AI_develop/TsukiUsagi/TsukiUsagi/Components/Visual/Backgrounds/BackgroundPurple.swift:10:87: error: Trailing Comma Violation: Collection literals should not have trailing commas (trailing_comma)
/Users/mypc/AI_develop/TsukiUsagi/TsukiUsagi/Components/Visual/Backgrounds/BackgroundBlue.swift:9:67: error: Trailing Comma Violation: Collection literals should not have trailing commas (trailing_comma)
/Users/mypc/AI_develop/TsukiUsagi/TsukiUsagi/Components/Visual/Stars/FlowingStarsView.swift:99:41: error: Identifier Name Violation: Variable name 'i' should be between 3 and 40 characters long (identifier_name)
/Users/mypc/AI_develop/TsukiUsagi/TsukiUsagi/Components/Visual/Stars/FlowingStarsView.swift:108:21: error: Identifier Name Violation: Variable name 'x' should be between 3 and 40 characters long (identifier_name)
/Users/mypc/AI_develop/TsukiUsagi/TsukiUsagi/Components/Visual/Stars/FlowingStarsView.swift:109:21: error: Identifier Name Violation: Variable name 'y' should be between 3 and 40 characters long (identifier_name)
/Users/mypc/AI_develop/TsukiUsagi/TsukiUsagi/Components/Visual/Stars/FlowingStarsView.swift:101:1: error: Superfluous Disable Command Violation: SwiftLint rule 'identifier_name' did not trigger a violation in the disabled region; remove the disable command (superfluous_disable_command)
/Users/mypc/AI_develop/TsukiUsagi/TsukiUsagi/Components/Visual/Stars/FlowingStarsView.swift:107:1: error: Superfluous Disable Command Violation: SwiftLint rule 'identifier_name' did not trigger a violation in the disabled region; remove the disable command (superfluous_disable_command)
/Users/mypc/AI_develop/TsukiUsagi/TsukiUsagi/Components/Visual/Stars/FlowingStarsView.swift:81:1: error: Line Length Violation: Line should be 120 characters or less; currently it has 136 characters (line_length)
/Users/mypc/AI_develop/TsukiUsagi/TsukiUsagi/Components/Visual/Stars/FlowingStarsView.swift:152:1: error: Line Length Violation: Line should be 120 characters or less; currently it has 141 characters (line_length)
/Users/mypc/AI_develop/TsukiUsagi/TsukiUsagi/Components/Visual/Stars/FlowingStarsView.swift:181:1: error: Line Length Violation: Line should be 120 characters or less; currently it has 136 characters (line_length)
/Users/mypc/AI_develop/TsukiUsagi/TsukiUsagi/Components/Visual/Stars/FlowingStarsView.swift:187:1: error: Line Length Violation: Line should be 120 characters or less; currently it has 179 characters (line_length)
/Users/mypc/AI_develop/TsukiUsagi/TsukiUsagi/Components/Visual/Stars/FlowingStarsView.swift:232:1: error: Line Length Violation: Line should be 120 characters or less; currently it has 122 characters (line_length)
/Users/mypc/AI_develop/TsukiUsagi/TsukiUsagi/Components/Visual/Stars/FlowingStarsView.swift:252:1: error: Line Length Violation: Line should be 120 characters or less; currently it has 121 characters (line_length)
/Users/mypc/AI_develop/TsukiUsagi/TsukiUsagi/Components/Visual/Stars/FlowingStarsView.swift:268:1: error: Line Length Violation: Line should be 120 characters or less; currently it has 138 characters (line_length)
/Users/mypc/AI_develop/TsukiUsagi/TsukiUsagi/Components/Visual/Stars/DiamondStarsView.swift:94:30: error: Identifier Name Violation: Variable name 's' should be between 3 and 40 characters long (identifier_name)
/Users/mypc/AI_develop/TsukiUsagi/TsukiUsagi/Components/Visual/Stars/DiamondStarsView.swift:111:70: error: Identifier Name Violation: Variable name 't' should be between 3 and 40 characters long (identifier_name)
/Users/mypc/AI_develop/TsukiUsagi/TsukiUsagi/Components/Visual/Stars/DiamondStarsView.swift:147:30: error: Identifier Name Violation: Variable name 's' should be between 3 and 40 characters long (identifier_name)
/Users/mypc/AI_develop/TsukiUsagi/TsukiUsagi/Components/Visual/Stars/DiamondStarsView.swift:93:1: error: Superfluous Disable Command Violation: SwiftLint rule 'identifier_name' did not trigger a violation in the disabled region; remove the disable command (superfluous_disable_command)
/Users/mypc/AI_develop/TsukiUsagi/TsukiUsagi/Components/Visual/Stars/DiamondStarsView.swift:110:1: error: Superfluous Disable Command Violation: SwiftLint rule 'identifier_name' did not trigger a violation in the disabled region; remove the disable command (superfluous_disable_command)
/Users/mypc/AI_develop/TsukiUsagi/TsukiUsagi/Components/Visual/Stars/DiamondStarsView.swift:146:1: error: Superfluous Disable Command Violation: SwiftLint rule 'identifier_name' did not trigger a violation in the disabled region; remove the disable command (superfluous_disable_command)
/Users/mypc/AI_develop/TsukiUsagi/TsukiUsagi/Components/Visual/Stars/DiamondStarsView.swift:163:1: error: Superfluous Disable Command Violation: SwiftLint rule 'identifier_name' did not trigger a violation in the disabled region; remove the disable command (superfluous_disable_command)
/Users/mypc/AI_develop/TsukiUsagi/TsukiUsagi/Components/Visual/Stars/DiamondStarsView.swift:42:64: error: Trailing Comma Violation: Collection literals should not have trailing commas (trailing_comma)
